2023-11-17 09:17:15,759 [INFO] Activator:176 - 


2023-11-17 09:17:15,768 [INFO] Activator:177 - !SESSION log4j initialized
2023-11-17 09:17:24,824 [INFO] LogOutputStream:77 - [STDOUT_REDIRECT] 
2023-11-17 09:17:29,491 [INFO] ApplicationProperties:184 - Using Application install path: C:\ST\STM32CubeIDE_1.13.2\STM32CubeIDE\plugins\com.st.stm32cube.common.mx_6.9.2.202309101412
2023-11-17 09:17:29,507 [INFO] DbMcusXml:78 - Set database path to: C:\ST\STM32CubeIDE_1.13.2\STM32CubeIDE\plugins\com.st.stm32cube.common.mx_6.9.2.202309101412\\db\/mcu/
2023-11-17 09:17:29,507 [INFO] ApiDb:274 - Set plugin database path to: C:\ST\STM32CubeIDE_1.13.2\STM32CubeIDE\plugins\com.st.stm32cube.common.mx_6.9.2.202309101412\\db\/plugins/boardmanager/
2023-11-17 09:17:29,507 [WARN] ApiDb:259 - Overriding images path with different value:  => C:\ST\STM32CubeIDE_1.13.2\STM32CubeIDE\plugins\com.st.stm32cube.common.mx_6.9.2.202309101412\\db\/plugins/mcufinder/images/
2023-11-17 09:17:29,522 [INFO] ApiDb:250 - Set database path to: C:\Users\okeunji\.stmcufinder\plugins\mcufinder//mcu/
2023-11-17 09:17:29,522 [INFO] DbMcusAds:125 - Set database path to: C:\Users\okeunji\.stmcufinder\plugins\mcufinder//mcu/
2023-11-17 09:17:29,522 [INFO] CrossReferenceDbSqlite:203 - Set database path to: C:\Users\okeunji\.stmcufinder\plugins\mcufinder//mcu/cs/
2023-11-17 09:17:29,663 [INFO] RulesReader:64 - Compatibility file has been processed (293 Rules)
2023-11-17 09:17:29,772 [INFO] DbMcusXml:78 - Set database path to: C:\ST\STM32CubeIDE_1.13.2\STM32CubeIDE\plugins\com.st.stm32cube.common.mx_6.9.2.202309101412\\db\/mcu/
2023-11-17 09:17:29,772 [INFO] ApiDb:274 - Set plugin database path to: C:\ST\STM32CubeIDE_1.13.2\STM32CubeIDE\plugins\com.st.stm32cube.common.mx_6.9.2.202309101412\\db\/plugins/boardmanager/
2023-11-17 09:17:29,772 [INFO] ApiDb:261 - Set plugin images path to: C:\ST\STM32CubeIDE_1.13.2\STM32CubeIDE\plugins\com.st.stm32cube.common.mx_6.9.2.202309101412\\db\/plugins/mcufinder/images/
2023-11-17 09:17:29,772 [WARN] DbFile:41 - Overriding database path with different value: C:\Users\okeunji\.stmcufinder\plugins\mcufinder/ => C:\Users\okeunji\.stmcufinder\plugins\mcufinder
2023-11-17 09:17:29,772 [INFO] ApiDb:250 - Set database path to: C:\Users\okeunji\.stmcufinder\plugins\mcufinder//mcu/
2023-11-17 09:17:29,772 [WARN] DbFile:41 - Overriding database path with different value: C:\Users\okeunji\.stmcufinder\plugins\mcufinder/ => C:\Users\okeunji\.stmcufinder\plugins\mcufinder
2023-11-17 09:17:29,772 [INFO] DbMcusAds:125 - Set database path to: C:\Users\okeunji\.stmcufinder\plugins\mcufinder//mcu/
2023-11-17 09:17:29,772 [WARN] DbFile:41 - Overriding database path with different value: C:\Users\okeunji\.stmcufinder\plugins\mcufinder/ => C:\Users\okeunji\.stmcufinder\plugins\mcufinder
2023-11-17 09:17:29,772 [WARN] DbFile:41 - Overriding database path with different value: C:\Users\okeunji\.stmcufinder\plugins\mcufinder/ => C:\Users\okeunji\.stmcufinder\plugins\mcufinder
2023-11-17 09:17:29,772 [INFO] CrossReferenceDbSqlite:203 - Set database path to: C:\Users\okeunji\.stmcufinder\plugins\mcufinder//mcu/cs/
2023-11-17 09:17:29,866 [INFO] MainPanel:262 - HeapMemory: 268435456
2023-11-17 09:17:29,973 [INFO] DbMcusXml:78 - Set database path to: C:\ST\STM32CubeIDE_1.13.2\STM32CubeIDE\plugins\com.st.stm32cube.common.mx_6.9.2.202309101412\\db\/mcu/
2023-11-17 09:17:29,973 [INFO] ApiDb:274 - Set plugin database path to: C:\ST\STM32CubeIDE_1.13.2\STM32CubeIDE\plugins\com.st.stm32cube.common.mx_6.9.2.202309101412\\db\/plugins/boardmanager/
2023-11-17 09:17:29,973 [INFO] ApiDb:261 - Set plugin images path to: C:\ST\STM32CubeIDE_1.13.2\STM32CubeIDE\plugins\com.st.stm32cube.common.mx_6.9.2.202309101412\\db\/plugins/mcufinder/images/
2023-11-17 09:17:29,973 [WARN] DbFile:41 - Overriding database path with different value: C:\Users\okeunji\.stmcufinder\plugins\mcufinder/ => C:\Users\okeunji\.stmcufinder\plugins\mcufinder
2023-11-17 09:17:29,973 [INFO] ApiDb:250 - Set database path to: C:\Users\okeunji\.stmcufinder\plugins\mcufinder//mcu/
2023-11-17 09:17:29,973 [WARN] DbFile:41 - Overriding database path with different value: C:\Users\okeunji\.stmcufinder\plugins\mcufinder/ => C:\Users\okeunji\.stmcufinder\plugins\mcufinder
2023-11-17 09:17:29,973 [INFO] DbMcusAds:125 - Set database path to: C:\Users\okeunji\.stmcufinder\plugins\mcufinder//mcu/
2023-11-17 09:17:29,973 [WARN] DbFile:41 - Overriding database path with different value: C:\Users\okeunji\.stmcufinder\plugins\mcufinder/ => C:\Users\okeunji\.stmcufinder\plugins\mcufinder
2023-11-17 09:17:29,973 [WARN] DbFile:41 - Overriding database path with different value: C:\Users\okeunji\.stmcufinder\plugins\mcufinder/ => C:\Users\okeunji\.stmcufinder\plugins\mcufinder
2023-11-17 09:17:29,973 [INFO] CrossReferenceDbSqlite:203 - Set database path to: C:\Users\okeunji\.stmcufinder\plugins\mcufinder//mcu/cs/
2023-11-17 09:17:30,004 [INFO] ApplicationProperties:184 - Using Application install path: C:\ST\STM32CubeIDE_1.13.2\STM32CubeIDE\plugins\com.st.stm32cube.common.mx_6.9.2.202309101412
2023-11-17 09:17:30,004 [INFO] PluginManage:196 - Search for loadable plugins [exclusion list=, ]
2023-11-17 09:17:30,004 [INFO] PluginManage:310 - Check plugin analytics
2023-11-17 09:17:30,238 [INFO] AnalyticsPlugin:253 - Accepted Software Licenses: STM32CubeMX.6.9.2
2023-11-17 09:17:30,238 [INFO] AnalyticsPlugin:255 - Accepted CMSIS Pack Licenses: 
2023-11-17 09:17:30,238 [INFO] AnalyticsPlugin:257 - Accepted Firmware Licenses: FW.F4.1.27.0
2023-11-17 09:17:30,238 [INFO] PluginManage:359 - Loaded plugin analytics (category:tool,tabindex:-1)
2023-11-17 09:17:30,238 [INFO] PluginManage:310 - Check plugin cadmodel
2023-11-17 09:17:30,271 [INFO] CADModel:105 - Init CAD model plugin
2023-11-17 09:17:30,271 [INFO] PluginManage:359 - Loaded plugin cadmodel (category:power,tabindex:5)
2023-11-17 09:17:30,272 [INFO] PluginManage:310 - Check plugin clock
2023-11-17 09:17:30,303 [INFO] PluginManage:359 - Loaded plugin clock (category:base,tabindex:2)
2023-11-17 09:17:30,303 [INFO] PluginManage:310 - Check plugin ddr
2023-11-17 09:17:30,303 [INFO] PluginManage:359 - Loaded plugin ddr (category:tool,tabindex:6)
2023-11-17 09:17:30,303 [INFO] PluginManage:310 - Check plugin filemanager
2023-11-17 09:17:30,499 [INFO] PluginManage:359 - Loaded plugin filemanager (category:base,tabindex:10)
2023-11-17 09:17:30,499 [INFO] PluginManage:310 - Check plugin ipmanager
2023-11-17 09:17:30,514 [INFO] PluginManage:359 - Loaded plugin ipmanager (category:base,tabindex:5)
2023-11-17 09:17:30,514 [INFO] PluginManage:310 - Check plugin lpbam
2023-11-17 09:17:30,549 [INFO] PluginManage:359 - Loaded plugin lpbam (category:base,tabindex:0)
2023-11-17 09:17:30,550 [INFO] PluginManage:310 - Check plugin memorymap
2023-11-17 09:17:30,591 [INFO] PluginManage:359 - Loaded plugin memorymap (category:base,tabindex:4)
2023-11-17 09:17:30,592 [INFO] PluginManage:310 - Check plugin pinoutandconfiguration
2023-11-17 09:17:30,624 [INFO] PluginManage:359 - Loaded plugin pinoutandconfiguration (category:base,tabindex:1)
2023-11-17 09:17:30,624 [INFO] PluginManage:310 - Check plugin pinoutconfig
2023-11-17 09:17:30,757 [WARN] SupportedApi:132 - Cannot load RTOS API schema: s4s-elt-must-match.1: The content of 'definitions' must match (annotation?, (simpleType | complexType)?, (unique | key | keyref)*)). A problem was found starting at: attribute.
2023-11-17 09:17:30,995 [INFO] PluginManage:359 - Loaded plugin pinoutconfig (category:base,tabindex:0)
2023-11-17 09:17:30,996 [INFO] PluginManage:310 - Check plugin power
2023-11-17 09:17:31,026 [INFO] PluginManage:359 - Loaded plugin power (category:power,tabindex:4)
2023-11-17 09:17:31,026 [INFO] PluginManage:310 - Check plugin projectmanager
2023-11-17 09:17:31,051 [INFO] PluginManage:359 - Loaded plugin projectmanager (category:projectmanager,tabindex:3)
2023-11-17 09:17:31,051 [INFO] PluginManage:310 - Check plugin thirdparty
2023-11-17 09:17:31,392 [INFO] PluginManage:359 - Loaded plugin thirdparty (category:base,tabindex:-1)
2023-11-17 09:17:31,398 [INFO] PluginManage:310 - Check plugin tools
2023-11-17 09:17:31,392 [WARN] IntegrityCheckThread:84 - waiting for thirdparty lock release [integrity check]
2023-11-17 09:17:31,399 [INFO] IntegrityCheckThread:86 - entering critical section [integrity check]
2023-11-17 09:17:31,399 [INFO] ThirdPartyUpdaterWithRetryManager:70 - Updater plugin not ready yet. [1/15]
2023-11-17 09:17:31,425 [INFO] PluginManage:359 - Loaded plugin tools (category:base,tabindex:7)
2023-11-17 09:17:31,425 [INFO] PluginManage:310 - Check plugin tutovideos
2023-11-17 09:17:31,685 [INFO] PluginManage:359 - Loaded plugin tutovideos (category:base,tabindex:-1)
2023-11-17 09:17:31,685 [INFO] PluginManage:310 - Check plugin updater
2023-11-17 09:17:31,700 [INFO] PluginManage:359 - Loaded plugin updater (category:base,tabindex:12)
2023-11-17 09:17:31,700 [INFO] PluginManage:310 - Check plugin userauth
2023-11-17 09:17:31,716 [INFO] UserAuth:113 - Init User Auth plugin
2023-11-17 09:17:31,716 [INFO] PluginManage:359 - Loaded plugin userauth (category:base,tabindex:14)
2023-11-17 09:17:31,716 [INFO] PluginManage:283 - PluginManage : Loaded plugins [17]
2023-11-17 09:17:31,979 [INFO] PinOutPanel:1499 - setPackage(No Configuration,No Configuration)
2023-11-17 09:17:32,119 [INFO] CADModel:165 - CPN selected for project level
2023-11-17 09:17:32,119 [INFO] CADModel:114 - Register for checkConnection events
2023-11-17 09:17:32,150 [INFO] IPUIPlugin:80 - create IPUIPlugin
2023-11-17 09:17:32,150 [INFO] PluginManager:220 - loadIPPluginJar : add adc
2023-11-17 09:17:32,197 [INFO] IPUIPlugin:80 - create IPUIPlugin
2023-11-17 09:17:32,197 [INFO] PluginManager:220 - loadIPPluginJar : add aes
2023-11-17 09:17:32,229 [INFO] IPUIPlugin:80 - create IPUIPlugin
2023-11-17 09:17:32,229 [INFO] PluginManager:220 - loadIPPluginJar : add can
2023-11-17 09:17:32,260 [INFO] IPUIPlugin:80 - create IPUIPlugin
2023-11-17 09:17:32,260 [INFO] PluginManager:220 - loadIPPluginJar : add comp
2023-11-17 09:17:32,307 [INFO] IPUIPlugin:80 - create IPUIPlugin
2023-11-17 09:17:32,307 [INFO] PluginManager:220 - loadIPPluginJar : add cryp
2023-11-17 09:17:32,369 [INFO] IPUIPlugin:80 - create IPUIPlugin
2023-11-17 09:17:32,369 [INFO] PluginManager:220 - loadIPPluginJar : add dfsdm
2023-11-17 09:17:32,385 [INFO] IPUIPlugin:80 - create IPUIPlugin
2023-11-17 09:17:32,385 [INFO] PluginManager:220 - loadIPPluginJar : add dma
2023-11-17 09:17:32,432 [INFO] IPUIPlugin:80 - create IPUIPlugin
2023-11-17 09:17:32,432 [INFO] PluginManager:220 - loadIPPluginJar : add dma3
2023-11-17 09:17:32,451 [INFO] IPUIPlugin:80 - create IPUIPlugin
2023-11-17 09:17:32,451 [INFO] PluginManager:220 - loadIPPluginJar : add fatfs
2023-11-17 09:17:32,514 [INFO] IPUIPlugin:80 - create IPUIPlugin
2023-11-17 09:17:32,514 [INFO] PluginManager:220 - loadIPPluginJar : add fmc
2023-11-17 09:17:32,530 [INFO] IPUIPlugin:80 - create IPUIPlugin
2023-11-17 09:17:32,530 [INFO] PluginManager:220 - loadIPPluginJar : add freertos
2023-11-17 09:17:32,545 [INFO] IPUIPlugin:80 - create IPUIPlugin
2023-11-17 09:17:32,545 [INFO] PluginManager:220 - loadIPPluginJar : add genericplugin
2023-11-17 09:17:32,655 [INFO] IPUIPlugin:80 - create IPUIPlugin
2023-11-17 09:17:32,655 [INFO] PluginManager:220 - loadIPPluginJar : add gfxmmu
2023-11-17 09:17:32,795 [INFO] IPUIPlugin:80 - create IPUIPlugin
2023-11-17 09:17:32,795 [INFO] PluginManager:220 - loadIPPluginJar : add gic
2023-11-17 09:17:32,811 [INFO] IPUIPlugin:80 - create IPUIPlugin
2023-11-17 09:17:32,811 [INFO] PluginManager:220 - loadIPPluginJar : add gpio
2023-11-17 09:17:32,920 [INFO] IPUIPlugin:80 - create IPUIPlugin
2023-11-17 09:17:32,920 [INFO] PluginManager:220 - loadIPPluginJar : add gtzc
2023-11-17 09:17:32,951 [INFO] IPUIPlugin:80 - create IPUIPlugin
2023-11-17 09:17:32,951 [INFO] PluginManager:220 - loadIPPluginJar : add hash
2023-11-17 09:17:33,018 [INFO] IPUIPlugin:80 - create IPUIPlugin
2023-11-17 09:17:33,018 [INFO] PluginManager:220 - loadIPPluginJar : add i2c
2023-11-17 09:17:33,049 [INFO] IPUIPlugin:80 - create IPUIPlugin
2023-11-17 09:17:33,049 [INFO] PluginManager:220 - loadIPPluginJar : add i2s
2023-11-17 09:17:33,096 [INFO] IPUIPlugin:80 - create IPUIPlugin
2023-11-17 09:17:33,096 [INFO] PluginManager:220 - loadIPPluginJar : add i3c
2023-11-17 09:17:33,205 [INFO] IPUIPlugin:80 - create IPUIPlugin
2023-11-17 09:17:33,205 [INFO] PluginManager:220 - loadIPPluginJar : add ipddr
2023-11-17 09:17:33,299 [INFO] IPUIPlugin:80 - create IPUIPlugin
2023-11-17 09:17:33,299 [INFO] PluginManager:220 - loadIPPluginJar : add linkedlist
2023-11-17 09:17:33,330 [INFO] IPUIPlugin:80 - create IPUIPlugin
2023-11-17 09:17:33,330 [INFO] PluginManager:220 - loadIPPluginJar : add lorawan
2023-11-17 09:17:33,377 [INFO] IPUIPlugin:80 - create IPUIPlugin
2023-11-17 09:17:33,377 [INFO] PluginManager:220 - loadIPPluginJar : add ltdc
2023-11-17 09:17:33,393 [INFO] IPUIPlugin:80 - create IPUIPlugin
2023-11-17 09:17:33,393 [INFO] PluginManager:220 - loadIPPluginJar : add mdma
2023-11-17 09:17:33,393 [INFO] IPUIPlugin:80 - create IPUIPlugin
2023-11-17 09:17:33,393 [INFO] PluginManager:220 - loadIPPluginJar : add nvic
2023-11-17 09:17:33,439 [INFO] IPUIPlugin:80 - create IPUIPlugin
2023-11-17 09:17:33,439 [INFO] PluginManager:220 - loadIPPluginJar : add opamp
2023-11-17 09:17:33,502 [INFO] IPUIPlugin:80 - create IPUIPlugin
2023-11-17 09:17:33,502 [INFO] PluginManager:220 - loadIPPluginJar : add openamp
2023-11-17 09:17:33,549 [INFO] IPUIPlugin:80 - create IPUIPlugin
2023-11-17 09:17:33,549 [INFO] PluginManager:220 - loadIPPluginJar : add pdm2pcm
2023-11-17 09:17:33,549 [INFO] IPUIPlugin:80 - create IPUIPlugin
2023-11-17 09:17:33,564 [INFO] PluginManager:220 - loadIPPluginJar : add plateformsettings
2023-11-17 09:17:33,580 [INFO] IPUIPlugin:80 - create IPUIPlugin
2023-11-17 09:17:33,580 [INFO] PluginManager:220 - loadIPPluginJar : add quadspi
2023-11-17 09:17:33,596 [INFO] IPUIPlugin:80 - create IPUIPlugin
2023-11-17 09:17:33,596 [INFO] PluginManager:220 - loadIPPluginJar : add resmgrutility
2023-11-17 09:17:33,643 [INFO] IPUIPlugin:80 - create IPUIPlugin
2023-11-17 09:17:33,643 [INFO] PluginManager:220 - loadIPPluginJar : add sai
2023-11-17 09:17:33,674 [INFO] IPUIPlugin:80 - create IPUIPlugin
2023-11-17 09:17:33,674 [INFO] PluginManager:220 - loadIPPluginJar : add spi
2023-11-17 09:17:33,736 [INFO] IPUIPlugin:80 - create IPUIPlugin
2023-11-17 09:17:33,736 [INFO] PluginManager:220 - loadIPPluginJar : add stm32_wpan
2023-11-17 09:17:33,768 [INFO] IPUIPlugin:80 - create IPUIPlugin
2023-11-17 09:17:33,768 [INFO] PluginManager:220 - loadIPPluginJar : add tim
2023-11-17 09:17:33,830 [INFO] IPUIPlugin:80 - create IPUIPlugin
2023-11-17 09:17:33,830 [INFO] PluginManager:220 - loadIPPluginJar : add touchsensing
2023-11-17 09:17:33,846 [INFO] IPUIPlugin:80 - create IPUIPlugin
2023-11-17 09:17:33,846 [INFO] PluginManager:220 - loadIPPluginJar : add tracer_emb
2023-11-17 09:17:33,877 [INFO] IPUIPlugin:80 - create IPUIPlugin
2023-11-17 09:17:33,877 [INFO] PluginManager:220 - loadIPPluginJar : add ts
2023-11-17 09:17:33,893 [INFO] IPUIPlugin:80 - create IPUIPlugin
2023-11-17 09:17:33,893 [INFO] PluginManager:220 - loadIPPluginJar : add tsc
2023-11-17 09:17:33,924 [INFO] IPUIPlugin:80 - create IPUIPlugin
2023-11-17 09:17:33,924 [INFO] PluginManager:220 - loadIPPluginJar : add ucpd
2023-11-17 09:17:33,971 [INFO] IPUIPlugin:80 - create IPUIPlugin
2023-11-17 09:17:33,971 [INFO] PluginManager:220 - loadIPPluginJar : add usart
2023-11-17 09:17:34,018 [INFO] IPUIPlugin:80 - create IPUIPlugin
2023-11-17 09:17:34,018 [INFO] PluginManager:220 - loadIPPluginJar : add usbx
2023-11-17 09:17:34,156 [INFO] CADModel:165 - CPN selected for project level
2023-11-17 09:17:34,156 [INFO] CADModel:114 - Register for checkConnection events
2023-11-17 09:17:34,156 [FATAL] Updater:308 - Updater called before beeing initialized
2023-11-17 09:17:34,156 [ERROR] CADModel:125 - Updater not yet initialized, retry later 
2023-11-17 09:17:34,318 [INFO] CADModel:165 - CPN selected for project level
2023-11-17 09:17:34,318 [INFO] CADModel:114 - Register for checkConnection events
2023-11-17 09:17:34,318 [FATAL] Updater:308 - Updater called before beeing initialized
2023-11-17 09:17:34,318 [ERROR] CADModel:125 - Updater not yet initialized, retry later 
2023-11-17 09:17:34,318 [FATAL] Updater:308 - Updater called before beeing initialized
2023-11-17 09:17:34,412 [INFO] ThirdPartyUpdaterWithRetryManager:70 - Updater plugin not ready yet. [2/15]
2023-11-17 09:17:34,443 [FATAL] Updater:308 - Updater called before beeing initialized
2023-11-17 09:17:34,459 [INFO] DbMcusAds:53 - JSON generation date=Tue Mar 07 17:50:55 KST 2023 (1678179055335)
2023-11-17 09:17:34,459 [FATAL] Updater:308 - Updater called before beeing initialized
2023-11-17 09:17:34,544 [WARN] DetailPanel:346 - Failed to get advertising image, set to default
2023-11-17 09:17:34,638 [FATAL] Updater:308 - Updater called before beeing initialized
2023-11-17 09:17:34,638 [FATAL] Updater:308 - Updater called before beeing initialized
2023-11-17 09:17:34,638 [FATAL] Updater:308 - Updater called before beeing initialized
2023-11-17 09:17:34,638 [WARN] DetailPanel:346 - Failed to get advertising image, set to default
2023-11-17 09:17:34,638 [FATAL] Updater:308 - Updater called before beeing initialized
2023-11-17 09:17:34,727 [ERROR] Updater:1120 - MainUpdater not yet initialized. External WinMGr cannot be set.
2023-11-17 09:17:34,742 [INFO] Updater:1056 - Updater Version found : 6.9.2
2023-11-17 09:17:34,758 [INFO] ApplicationProperties:184 - Using Application install path: C:\ST\STM32CubeIDE_1.13.2\STM32CubeIDE\plugins\com.st.stm32cube.common.mx_6.9.2.202309101412
2023-11-17 09:17:35,416 [INFO] MainUpdater:2868 - connection check result : 10
2023-11-17 09:17:35,416 [INFO] MainUpdater:285 - Updater Check For Update Now.
2023-11-17 09:17:35,416 [INFO] MicroXplorer:498 - Change Database Version : DB.6.0.92
2023-11-17 09:17:35,695 [INFO] CheckServerUpdateThread:120 - End of CheckServer Thread
2023-11-17 09:17:35,760 [INFO] MainUpdater:2868 - connection check result : 10
2023-11-17 09:17:35,760 [INFO] MainUpdater:2868 - connection check result : 10
2023-11-17 09:17:35,979 [INFO] MicroXplorer:468 - Change Database Path : 
2023-11-17 09:17:35,979 [INFO] MicroXplorer:498 - Change Database Version : DB.6.0.92
2023-11-17 09:17:35,979 [WARN] ThirdParty:871 - waiting for thirdparty lock release [close project]
2023-11-17 09:17:37,715 [WARN] PackLoader:240 - Cannot read IP mode file for STMicroelectronics.X-CUBE-SMBUS.2.1.0
2023-11-17 09:17:37,795 [WARN] PackLoader:240 - Cannot read IP mode file for STMicroelectronics.X-CUBE-AZRTOS-F7.1.1.0
2023-11-17 09:17:37,828 [WARN] PackLoader:240 - Cannot read IP mode file for STMicroelectronics.FP-SNS-MOTENV1.4.3.2
2023-11-17 09:17:37,859 [WARN] PackLoader:240 - Cannot read IP mode file for STMicroelectronics.X-CUBE-BLE1.6.2.4
2023-11-17 09:17:37,880 [WARN] PackLoader:240 - Cannot read IP mode file for STMicroelectronics.FP-SNS-FLIGHT1.5.0.2
2023-11-17 09:17:37,905 [WARN] PackLoader:240 - Cannot read IP mode file for STMicroelectronics.X-CUBE-DISPLAY.3.0.0
2023-11-17 09:17:37,927 [WARN] PackLoader:240 - Cannot read IP mode file for STMicroelectronics.X-CUBE-BLE1.7.0.0
2023-11-17 09:17:37,959 [WARN] PackLoader:240 - Cannot read IP mode file for emotas.I-CUBE-CANOPEN.1.3.0
2023-11-17 09:17:37,987 [WARN] PackLoader:240 - Cannot read IP mode file for STMicroelectronics.X-CUBE-TOUCHGFX.4.22.0
2023-11-17 09:17:38,006 [WARN] PackLoader:240 - Cannot read IP mode file for STMicroelectronics.X-CUBE-TOUCHGFX.4.22.1
2023-11-17 09:17:38,018 [WARN] PackLoader:240 - Cannot read IP mode file for STMicroelectronics.FP-SNS-SMARTAG2.1.2.0
2023-11-17 09:17:38,050 [INFO] LogOutputStream:77 - [STDOUT_REDIRECT] 1 : Invalid condition id : UX_CORESTACK_Condition cause : null
2023-11-17 09:17:38,050 [INFO] LogOutputStream:77 - [STDOUT_REDIRECT] 1 : Invalid condition id : UX_CORESTACK_Condition cause : null
2023-11-17 09:17:38,066 [INFO] LogOutputStream:77 - [STDOUT_REDIRECT] 1 : Invalid condition id : UX_CORESTACK_Condition cause : null
2023-11-17 09:17:38,066 [INFO] LogOutputStream:77 - [STDOUT_REDIRECT] 1 : Invalid condition id : UX_CORESTACK_Condition cause : null
2023-11-17 09:17:38,066 [INFO] LogOutputStream:77 - [STDOUT_REDIRECT] 1 : Invalid condition id : UX_CORESTACK_Condition cause : null
2023-11-17 09:17:38,066 [WARN] PackLoader:240 - Cannot read IP mode file for STMicroelectronics.X-CUBE-AZRTOS-WL.2.0.0
2023-11-17 09:17:38,112 [WARN] PackLoader:240 - Cannot read IP mode file for WES.I-CUBE-Cesium.1.3.0
2023-11-17 09:17:38,128 [WARN] PackLoader:240 - Cannot read IP mode file for STMicroelectronics.X-CUBE-BLE2.3.3.0
2023-11-17 09:17:38,159 [WARN] PackLoader:240 - Cannot read IP mode file for STMicroelectronics.X-CUBE-ALGOBUILD.1.3.0
2023-11-17 09:17:38,212 [WARN] PackLoader:240 - Cannot read IP mode file for STMicroelectronics.X-CUBE-AZRTOS-G0.1.1.0
2023-11-17 09:17:38,241 [WARN] PackLoader:240 - Cannot read IP mode file for STMicroelectronics.X-CUBE-NFC4.3.0.0
2023-11-17 09:17:38,256 [WARN] PackLoader:240 - Cannot read IP mode file for STMicroelectronics.X-CUBE-BLEMGR.3.0.0
2023-11-17 09:17:38,287 [WARN] PackLoader:240 - Cannot read IP mode file for STMicroelectronics.FP-ATR-SIGFOX1.3.2.0
2023-11-17 09:17:38,357 [WARN] PackLoader:240 - Cannot read IP mode file for SEGGER.I-CUBE-embOS.1.3.1
2023-11-17 09:17:38,451 [WARN] PackLoader:240 - Cannot read IP mode file for STMicroelectronics.X-CUBE-GNSS1.6.0.0
2023-11-17 09:17:38,498 [WARN] PackLoader:240 - Cannot read IP mode file for STMicroelectronics.X-CUBE-AZRTOS-F4.1.1.0
2023-11-17 09:17:38,529 [WARN] PackLoader:240 - Cannot read IP mode file for wolfSSL.I-CUBE-wolfSSL.5.6.3
2023-11-17 09:17:38,576 [WARN] PackLoader:240 - Cannot read IP mode file for STMicroelectronics.X-CUBE-AZRTOS-L5.2.0.0
2023-11-17 09:17:38,639 [WARN] PackLoader:240 - Cannot read IP mode file for STMicroelectronics.X-CUBE-MEMS1.9.6.0
2023-11-17 09:17:38,842 [WARN] PackLoader:240 - Cannot read IP mode file for STMicroelectronics.X-CUBE-EEPRMA1.4.2.0
2023-11-17 09:17:38,858 [WARN] PackLoader:240 - Cannot read IP mode file for ITTIA_DB.I-CUBE-ITTIADB.8.8.0
2023-11-17 09:17:38,879 [WARN] PackLoader:240 - Cannot read IP mode file for STMicroelectronics.X-CUBE-BLEMGR.2.0.0
2023-11-17 09:17:38,920 [WARN] ConditionMgr:438 - getConditionDescription Invalid condition id : UX DEVICE CLASS RTOS Condition cause : null
2023-11-17 09:17:38,920 [WARN] ConditionMgr:438 - getConditionDescription Invalid condition id : UX DEVICE CLASS RTOS Condition cause : null
2023-11-17 09:17:38,920 [WARN] PackLoader:240 - Cannot read IP mode file for STMicroelectronics.X-CUBE-AZRTOS-H7.3.1.0
2023-11-17 09:17:38,937 [WARN] ConditionMgr:1039 - genDependencies : Invalid condition id : UX DEVICE CLASS RTOS Condition cause : null
2023-11-17 09:17:38,937 [WARN] ConditionMgr:1039 - genDependencies : Invalid condition id : UX DEVICE CLASS RTOS Condition cause : null
2023-11-17 09:17:38,938 [WARN] ConditionMgr:1039 - genDependencies : Invalid condition id : UX DEVICE CLASS RTOS Condition cause : null
2023-11-17 09:17:38,938 [WARN] ConditionMgr:1039 - genDependencies : Invalid condition id : UX DEVICE CLASS RTOS Condition cause : null
2023-11-17 09:17:38,939 [WARN] ConditionMgr:1039 - genDependencies : Invalid condition id : UX DEVICE CLASS RTOS Condition cause : null
2023-11-17 09:17:38,939 [WARN] PackLoader:240 - Cannot read IP mode file for STMicroelectronics.X-CUBE-NFC7.1.0.1
2023-11-17 09:17:38,971 [WARN] PackLoader:240 - Cannot read IP mode file for STMicroelectronics.X-CUBE-NFC6.3.0.0
2023-11-17 09:17:38,989 [WARN] PackLoader:240 - Cannot read IP mode file for STMicroelectronics.X-CUBE-EEPRMA1.4.1.0
2023-11-17 09:17:39,007 [WARN] PackLoader:240 - Cannot read IP mode file for STMicroelectronics.X-CUBE-AI.8.1.0
2023-11-17 09:17:39,038 [WARN] ConditionMgr:438 - getConditionDescription Invalid condition id : LAN8742 Phy interface Condition cause : null
2023-11-17 09:17:39,038 [WARN] PackLoader:240 - Cannot read IP mode file for STMicroelectronics.X-CUBE-AZRTOS-L4.2.0.0
2023-11-17 09:17:39,038 [WARN] ConditionMgr:1039 - genDependencies : Invalid condition id : LAN8742 Phy interface Condition cause : null
2023-11-17 09:17:39,038 [WARN] ConditionMgr:1039 - genDependencies : Invalid condition id : LAN8742 Phy interface Condition cause : null
2023-11-17 09:17:39,038 [WARN] ConditionMgr:1039 - genDependencies : Invalid condition id : LAN8742 Phy interface Condition cause : null
2023-11-17 09:17:39,069 [WARN] PackLoader:240 - Cannot read IP mode file for STMicroelectronics.X-CUBE-SFXS2LP1.4.0.0
2023-11-17 09:17:39,084 [WARN] PackLoader:240 - Cannot read IP mode file for STMicroelectronics.X-CUBE-ISPU.1.1.0
2023-11-17 09:17:39,116 [WARN] ConditionMgr:438 - getConditionDescription Invalid condition id : UX DEVICE CLASS RTOS Condition cause : null
2023-11-17 09:17:39,116 [WARN] ConditionMgr:438 - getConditionDescription Invalid condition id : UX DEVICE CLASS RTOS Condition cause : null
2023-11-17 09:17:39,116 [WARN] PackLoader:240 - Cannot read IP mode file for STMicroelectronics.X-CUBE-AZRTOS-WB.2.0.0
2023-11-17 09:17:39,116 [WARN] ConditionMgr:1039 - genDependencies : Invalid condition id : UX DEVICE CLASS RTOS Condition cause : null
2023-11-17 09:17:39,116 [WARN] ConditionMgr:1039 - genDependencies : Invalid condition id : UX DEVICE CLASS RTOS Condition cause : null
2023-11-17 09:17:39,116 [WARN] ConditionMgr:1039 - genDependencies : Invalid condition id : UX DEVICE CLASS RTOS Condition cause : null
2023-11-17 09:17:39,116 [WARN] ConditionMgr:1039 - genDependencies : Invalid condition id : UX DEVICE CLASS RTOS Condition cause : null
2023-11-17 09:17:39,116 [WARN] ConditionMgr:1039 - genDependencies : Invalid condition id : UX DEVICE CLASS RTOS Condition cause : null
2023-11-17 09:17:39,131 [WARN] PackLoader:240 - Cannot read IP mode file for STMicroelectronics.X-CUBE-FREERTOS.1.0.1
2023-11-17 09:17:39,178 [WARN] PackLoader:240 - Cannot read IP mode file for STMicroelectronics.X-CUBE-AZRTOS-L5.1.1.0
2023-11-17 09:17:39,194 [WARN] PackLoader:240 - Cannot read IP mode file for STMicroelectronics.X-CUBE-AI.8.0.1
2023-11-17 09:17:39,209 [WARN] PackLoader:240 - Cannot read IP mode file for STMicroelectronics.X-CUBE-SUBG2.5.0.0
2023-11-17 09:17:39,241 [WARN] PackLoader:240 - Cannot read IP mode file for STMicroelectronics.X-CUBE-TOF1.3.3.1
2023-11-17 09:17:39,288 [WARN] PackLoader:240 - Cannot read IP mode file for STMicroelectronics.X-CUBE-AZRTOS-G4.2.0.0
2023-11-17 09:17:39,319 [WARN] PackLoader:240 - Cannot read IP mode file for Infineon.AIROC-Wi-Fi-Bluetooth-STM32.1.5.1
2023-11-17 09:17:39,350 [WARN] PackLoader:240 - Cannot read IP mode file for STMicroelectronics.FP-SNS-MOTENVWB1.1.3.0
2023-11-17 09:17:39,423 [WARN] PackLoader:240 - Cannot read IP mode file for STMicroelectronics.X-CUBE-MEMS1.10.0.0
2023-11-17 09:17:39,542 [WARN] PackLoader:240 - Cannot read IP mode file for STMicroelectronics.X-CUBE-FREERTOS.1.1.0
2023-11-17 09:17:39,557 [WARN] PackLoader:240 - Cannot read IP mode file for portGmbH.I-Cube-SoM-uGOAL.1.1.0
2023-11-17 09:17:39,572 [WARN] PackLoader:240 - Cannot read IP mode file for STMicroelectronics.X-CUBE-ALS.1.0.1
2023-11-17 09:17:39,589 [WARN] PackLoader:240 - Cannot read IP mode file for STMicroelectronics.X-CUBE-AZRTOS-WB.1.1.0
2023-11-17 09:17:39,605 [WARN] PackLoader:240 - Cannot read IP mode file for STMicroelectronics.FP-ATR-ASTRA1.2.0.0
2023-11-17 09:17:39,605 [INFO] ThirdParty:978 - Integrity check success = true
2023-11-17 09:17:39,605 [INFO] IntegrityCheckThread:100 - exiting critical section [integrity check]
2023-11-17 09:17:39,605 [INFO] IntegrityCheckThread:103 - End integrity checks thread
2023-11-17 09:17:39,605 [INFO] ThirdParty:873 - entering critical section [close project]
2023-11-17 09:17:39,605 [INFO] ThirdParty:883 - exiting critical section [close project]
2023-11-17 09:17:39,605 [INFO] PinOutPanel:1499 - setPackage(No Configuration,No Configuration)
2023-11-17 09:17:39,621 [INFO] UtilMem:75 - Begin LoadConfig() Used Memory: 248984552 Bytes (498073600)
2023-11-17 09:17:39,621 [INFO] MicroXplorer:468 - Change Database Path : 
2023-11-17 09:17:39,621 [INFO] MicroXplorer:498 - Change Database Version : DB.6.0.92
2023-11-17 09:17:39,621 [INFO] OpenFileManager:308 - Change cursor
2023-11-17 09:17:39,667 [INFO] Mcu:1946 - Initializing MCU STM32F429ZITx STM32F429ZITx STM32F429ZIT6
2023-11-17 09:17:42,426 [INFO] Context:659 - Trying to add GPIOservice into a context  which must be forbidden
2023-11-17 09:17:43,379 [INFO] RtosManager:555 - Registered RTOS mode: class=CMSIS, group=RTOS, mode=CMSIS_V1, owner=FREERTOS
2023-11-17 09:17:43,379 [INFO] RtosManager:555 - Registered RTOS mode: class=CMSIS, group=RTOS2, mode=CMSIS_V2, owner=FREERTOS
2023-11-17 09:17:43,379 [INFO] RtosManager:555 - Registered RTOS mode: class=RTOS, group=Core, mode=CMSIS_V1, owner=FREERTOS
2023-11-17 09:17:43,379 [INFO] RtosManager:555 - Registered RTOS mode: class=RTOS, group=Core, mode=CMSIS_V2, owner=FREERTOS
2023-11-17 09:17:43,380 [WARN] ModelIntegratedComponent:184 - Missing modes for component STMicroelectronics:FreeRTOS:0.0.1:STMicroelectronics:RTOS:FreeRTOS:Core:::10.2.0:
2023-11-17 09:17:43,401 [WARN] ModelIntegratedComponent:63 - No mode defined for component null
2023-11-17 09:17:43,402 [WARN] ModelIntegratedComponent:63 - No mode defined for component null
2023-11-17 09:17:43,402 [WARN] ModelIntegratedComponent:63 - No mode defined for component null
2023-11-17 09:17:43,402 [WARN] ModelIntegratedComponent:63 - No mode defined for component null
2023-11-17 09:17:43,402 [WARN] ModelIntegratedComponent:63 - No mode defined for component null
2023-11-17 09:17:43,402 [WARN] ModelIntegratedComponent:63 - No mode defined for component null
2023-11-17 09:17:43,402 [WARN] ModelIntegratedComponent:63 - No mode defined for component null
2023-11-17 09:17:43,403 [WARN] ModelIntegratedComponent:63 - No mode defined for component null
2023-11-17 09:17:43,403 [WARN] ModelIntegratedComponent:63 - No mode defined for component null
2023-11-17 09:17:43,403 [WARN] ModelIntegratedComponent:63 - No mode defined for component null
2023-11-17 09:17:43,403 [WARN] ModelIntegratedComponent:63 - No mode defined for component null
2023-11-17 09:17:43,403 [WARN] ModelIntegratedComponent:63 - No mode defined for component null
2023-11-17 09:17:43,403 [WARN] ModelIntegratedComponent:63 - No mode defined for component null
2023-11-17 09:17:43,403 [WARN] ModelIntegratedComponent:63 - No mode defined for component null
2023-11-17 09:17:43,403 [WARN] ModelIntegratedComponent:63 - No mode defined for component null
2023-11-17 09:17:43,403 [WARN] ModelIntegratedComponent:63 - No mode defined for component null
2023-11-17 09:17:43,403 [WARN] ModelIntegratedComponent:63 - No mode defined for component null
2023-11-17 09:17:43,403 [WARN] ModelIntegratedComponent:63 - No mode defined for component null
2023-11-17 09:17:43,404 [WARN] ModelIntegratedComponent:63 - No mode defined for component null
2023-11-17 09:17:43,404 [WARN] ModelIntegratedComponent:63 - No mode defined for component null
2023-11-17 09:17:43,404 [WARN] ModelIntegratedComponent:63 - No mode defined for component null
2023-11-17 09:17:43,404 [WARN] ModelIntegratedComponent:63 - No mode defined for component null
2023-11-17 09:17:43,404 [WARN] ModelIntegratedComponent:63 - No mode defined for component null
2023-11-17 09:17:43,404 [WARN] ModelIntegratedComponent:63 - No mode defined for component null
2023-11-17 09:17:43,404 [WARN] ModelIntegratedComponent:63 - No mode defined for component null
2023-11-17 09:17:43,404 [WARN] ModelIntegratedComponent:63 - No mode defined for component null
2023-11-17 09:17:43,404 [WARN] ModelIntegratedComponent:63 - No mode defined for component null
2023-11-17 09:17:43,404 [WARN] ModelIntegratedComponent:63 - No mode defined for component null
2023-11-17 09:17:43,404 [WARN] ModelIntegratedComponent:63 - No mode defined for component null
2023-11-17 09:17:43,404 [WARN] ModelIntegratedComponent:63 - No mode defined for component null
2023-11-17 09:17:43,404 [WARN] ModelIntegratedComponent:63 - No mode defined for component null
2023-11-17 09:17:43,404 [WARN] ModelIntegratedComponent:63 - No mode defined for component null
2023-11-17 09:17:43,405 [WARN] ModelIntegratedComponent:63 - No mode defined for component null
2023-11-17 09:17:43,578 [INFO] ThirdPartyModel:298 - Start build external matchings
2023-11-17 09:17:44,031 [INFO] McuFinderGlobals:63 - Set McuFinder mode to 2 (CubeIDE integrated)
2023-11-17 09:17:44,274 [INFO] ThirdPartyModel:316 - End build external matchings
2023-11-17 09:17:44,304 [INFO] ImportTextPane:194 - (OptionalMessage_ERROR) IP (DMA) : Parameter (Instance) has Id (ADC1) currently not set
2023-11-17 09:17:44,304 [INFO] ImportTextPane:194 - (OptionalMessage_ERROR) IP (DMA) : Parameter (Channel) has Id (ADC1) currently not set
2023-11-17 09:17:44,304 [INFO] ImportTextPane:194 - (OptionalMessage_ERROR) IP (DMA) : Parameter (Direction) has Id (ADC1) currently not set
2023-11-17 09:17:44,304 [INFO] ImportTextPane:194 - (OptionalMessage_ERROR) IP (DMA) : Parameter (PeriphInc) has Id (ADC1) currently not set
2023-11-17 09:17:44,305 [INFO] ImportTextPane:194 - (OptionalMessage_ERROR) IP (DMA) : Parameter (MemInc) has Id (ADC1) currently not set
2023-11-17 09:17:44,305 [INFO] ImportTextPane:194 - (OptionalMessage_ERROR) IP (DMA) : Parameter (PeriphDataAlignment) has Id (ADC1) currently not set
2023-11-17 09:17:44,305 [INFO] ImportTextPane:194 - (OptionalMessage_ERROR) IP (DMA) : Parameter (MemDataAlignment) has Id (ADC1) currently not set
2023-11-17 09:17:44,305 [INFO] ImportTextPane:194 - (OptionalMessage_ERROR) IP (DMA) : Parameter (Mode) has Id (ADC1) currently not set
2023-11-17 09:17:44,306 [INFO] ImportTextPane:194 - (OptionalMessage_ERROR) IP (DMA) : Parameter (Priority) has Id (ADC1) currently not set
2023-11-17 09:17:44,306 [INFO] ImportTextPane:194 - (OptionalMessage_ERROR) IP (DMA) : Parameter (FIFOMode) has Id (ADC1) currently not set
2023-11-17 09:17:44,307 [INFO] ImportTextPane:194 - (OptionalMessage_ERROR) IP (ETH) : Invalid parameter (PHY_Name)
2023-11-17 09:17:44,307 [INFO] ImportTextPane:194 - (OptionalMessage_ERROR) IP (ETH) : Invalid parameter (PHY_Value)
2023-11-17 09:17:44,307 [INFO] ImportTextPane:194 - (OptionalMessage_ERROR) IP (ETH) : Invalid parameter (PhyAddress)
2023-11-17 09:17:44,309 [INFO] ImportTextPane:194 - (OptionalMessage_ERROR) IP (RCC) : Invalid parameter (ADC12outputFreq_Value)
2023-11-17 09:17:44,309 [INFO] ImportTextPane:194 - (OptionalMessage_ERROR) IP (RCC) : Invalid parameter (ADC34outputFreq_Value)
2023-11-17 09:17:44,310 [INFO] ImportTextPane:194 - (OptionalMessage_ERROR) IP (RCC) : Invalid parameter (FamilyName)
2023-11-17 09:17:44,310 [INFO] ImportTextPane:194 - (OptionalMessage_ERROR) IP (RCC) : Invalid parameter (I2C1Freq_Value)
2023-11-17 09:17:44,310 [INFO] ImportTextPane:194 - (OptionalMessage_ERROR) IP (RCC) : Invalid parameter (I2C2Freq_Value)
2023-11-17 09:17:44,311 [INFO] ImportTextPane:194 - (OptionalMessage_ERROR) IP (RCC) : Invalid parameter (I2C3Freq_Value)
2023-11-17 09:17:44,311 [INFO] ImportTextPane:194 - (OptionalMessage_ERROR) IP (RCC) : Parameter (MCO2PinFreq_Value) has invalid value (168000000)
2023-11-17 09:17:44,311 [INFO] ImportTextPane:194 - (OptionalMessage_ERROR) IP (RCC) : Invalid parameter (MCOFreq_Value)
2023-11-17 09:17:44,311 [INFO] ImportTextPane:194 - (OptionalMessage_ERROR) IP (RCC) : Invalid parameter (PLLMCOFreq_Value)
2023-11-17 09:17:44,312 [INFO] ImportTextPane:194 - (OptionalMessage_ERROR) IP (RCC) : Invalid parameter (PLLMUL)
2023-11-17 09:17:44,312 [INFO] ImportTextPane:194 - (OptionalMessage_ERROR) IP (RCC) : Invalid parameter (PRESCALERUSB)
2023-11-17 09:17:44,312 [INFO] ImportTextPane:194 - (OptionalMessage_ERROR) IP (RCC) : Parameter (RTCHSEDivFreq_Value) has invalid value (4000000)
2023-11-17 09:17:44,312 [INFO] ImportTextPane:194 - (OptionalMessage_ERROR) IP (RCC) : Invalid parameter (SYSCLKSourceVirtual)
2023-11-17 09:17:44,312 [INFO] ImportTextPane:194 - (OptionalMessage_ERROR) IP (RCC) : Invalid parameter (TIM15Freq_Value)
2023-11-17 09:17:44,312 [INFO] ImportTextPane:194 - (OptionalMessage_ERROR) IP (RCC) : Invalid parameter (TIM16Freq_Value)
2023-11-17 09:17:44,312 [INFO] ImportTextPane:194 - (OptionalMessage_ERROR) IP (RCC) : Invalid parameter (TIM17Freq_Value)
2023-11-17 09:17:44,312 [INFO] ImportTextPane:194 - (OptionalMessage_ERROR) IP (RCC) : Invalid parameter (TIM1Freq_Value)
2023-11-17 09:17:44,313 [INFO] ImportTextPane:194 - (OptionalMessage_ERROR) IP (RCC) : Invalid parameter (TIM20Freq_Value)
2023-11-17 09:17:44,313 [INFO] ImportTextPane:194 - (OptionalMessage_ERROR) IP (RCC) : Invalid parameter (TIM2Freq_Value)
2023-11-17 09:17:44,313 [INFO] ImportTextPane:194 - (OptionalMessage_ERROR) IP (RCC) : Invalid parameter (TIM3Freq_Value)
2023-11-17 09:17:44,313 [INFO] ImportTextPane:194 - (OptionalMessage_ERROR) IP (RCC) : Invalid parameter (TIM8Freq_Value)
2023-11-17 09:17:44,313 [INFO] ImportTextPane:194 - (OptionalMessage_ERROR) IP (RCC) : Invalid parameter (UART4Freq_Value)
2023-11-17 09:17:44,313 [INFO] ImportTextPane:194 - (OptionalMessage_ERROR) IP (RCC) : Invalid parameter (UART5Freq_Value)
2023-11-17 09:17:44,313 [INFO] ImportTextPane:194 - (OptionalMessage_ERROR) IP (RCC) : Invalid parameter (USART1Freq_Value)
2023-11-17 09:17:44,313 [INFO] ImportTextPane:194 - (OptionalMessage_ERROR) IP (RCC) : Invalid parameter (USART2Freq_Value)
2023-11-17 09:17:44,313 [INFO] ImportTextPane:194 - (OptionalMessage_ERROR) IP (RCC) : Invalid parameter (USART3Freq_Value)
2023-11-17 09:17:44,313 [INFO] ImportTextPane:194 - (OptionalMessage_ERROR) IP (RCC) : Invalid parameter (USBFreq_Value)
2023-11-17 09:17:44,313 [INFO] ImportTextPane:194 - (OptionalMessage_ERROR) IP (RCC) : Invalid parameter (VCOOutput2Freq_Value)
2023-11-17 09:17:44,786 [INFO] UtilMem:75 - End LoadConfig() Used Memory: 277646464 Bytes (498073600)
2023-11-17 09:17:45,003 [INFO] ApiDb:581 - Connected to CubeFinder SQLite database (C:\Users\okeunji\.stmcufinder\plugins\mcufinder\mcu\cube-finder-db.db)
2023-11-17 09:17:45,151 [INFO] ApiDb:668 - CubeFinder database Data Model version=2.1
2023-11-17 09:17:45,151 [INFO] ApiDb:669 - CubeFinder database Configuration version=3.0.37
2023-11-17 09:17:45,152 [INFO] ApiDb:670 - CubeFinder database generation date=2023-10-13 (1697197505)
2023-11-17 09:17:45,152 [INFO] ApiDb:671 - CubeFinder database FW Pack versions=[FP-ATR-ASTRA1_V2.0.0, FP-SNS-FLIGHT1_V5.0.1, FP-SNS-FLIGHT1_V5.0.2, FP-SNS-MOTENV1_V4.3.1, FP-SNS-MOTENV1_V4.3.2, FP-SNS-SMARTAG2_V1.2.0, I-CUBE-ITTIADB_V8.6.3-1, STM32Cube_FW_C0_V1.1.0, STM32Cube_FW_F4_V1.27.1, STM32Cube_FW_F7_V1.17.0, STM32Cube_FW_G0_V1.6.1, STM32Cube_FW_G4_V1.5.1, STM32Cube_FW_H5_V0.5.1, STM32Cube_FW_H5_V1.1.1, STM32Cube_FW_H7_V1.11.0, STM32Cube_FW_L0_V1.12.2, STM32Cube_FW_L5_V1.5.0, STM32Cube_FW_U5_V1.3.0, STM32Cube_FW_U5_V1.3.0RC4, STM32Cube_FW_WBA_V1.0.0RC1, STM32Cube_FW_WBA_V1.1.0RC1, STM32Cube_FW_WBA_V1.1.1, STM32Cube_FW_WB_V1.15.0RC1, STM32Cube_FW_WB_V1.16.0, STM32Cube_FW_WB_V1.16.0RC2, STM32Cube_FW_WB_V1.17.3, STM32Cube_FW_WL_V1.3.0, X-CUBE-ALGOBUILD_V1.3.0, X-CUBE-ALS_V1.0.1, X-CUBE-AZRTOS-F4_V1.1.0, X-CUBE-AZRTOS-F7_V1.1.0, X-CUBE-AZRTOS-G0_V1.1.0, X-CUBE-AZRTOS-G4_V2.0.0, X-CUBE-AZRTOS-H7_V3.1.0, X-CUBE-AZRTOS-L4_V1.0.0, X-CUBE-AZRTOS-L4_V2.0.0, X-CUBE-AZRTOS-L5_V1.1.0, X-CUBE-AZRTOS-WB_V2.0.0, X-CUBE-AZRTOS-WL_V2.0.0, X-CUBE-BLE1_V7.0.0, X-CUBE-BLE2_V3.3.0, X-CUBE-BLEMGR_V2.0.0, X-CUBE-EEPRMA1_V4.1.0, X-CUBE-FREERTOS_V1.1.0, X-CUBE-GNSS1_V6.0.0, X-CUBE-MEMS1_V10.0.0, X-CUBE-MEMS1_V9.1.0, X-CUBE-MEMS1_V9.4.0, X-CUBE-MEMS1_V9.6.0, X-CUBE-NFC4_V3.0.0, X-CUBE-NFC7_V1.0.1, X-CUBE-SFXS2LP1_V4.0.0, X-CUBE-SUBG2_V5.0.0, X-CUBE-TOF1_V3.3.1]
2023-11-17 09:17:48,048 [INFO] ApiDb:240 - Found 323 in-development CPN: [B-G473E-ZEST1S, B-WB1M-WPAN1, B-WL5M-SUBG1, NUCLEO-C031C6, NUCLEO-H503RB, NUCLEO-H563ZI, NUCLEO-U545RE-Q, NUCLEO-U5A5ZJ-Q, NUCLEO-WBA52CG, STEVAL-PROTEUS1, STEVAL-SMARTAG2, STEVAL-STWINBX1, STM320518-EVAL, STM32C0116-DK, STM32C011D6Y3TR, STM32C011D6Y6TR, STM32C011F4P3, STM32C011F4P6, STM32C011F4U3, STM32C011F4U6TR, STM32C011F6P3, STM32C011F6P6, STM32C011F6U3, STM32C011F6U6TR, STM32C011J4M3, STM32C011J4M6, STM32C011J6M3, STM32C011J6M6, STM32C0316-DK, STM32C031C4T3, STM32C031C4T6, STM32C031C4U3, STM32C031C4U6, STM32C031C6T3, STM32C031C6T6, STM32C031C6U3, STM32C031C6U6, STM32C031F4P3, STM32C031F4P6, STM32C031F6P3, STM32C031F6P6, STM32C031G4U3, STM32C031G4U6, STM32C031G6U3, STM32C031G6U6, STM32C031K4T3, STM32C031K4T6, STM32C031K4U3, STM32C031K4U6, STM32C031K6T3, STM32C031K6T6, STM32C031K6U3, STM32C031K6U6, STM32G071K8TXN, STM32G071K8UXN, STM32G081GBU6N, STM32G081KBT6N, STM32G081KBUXN, STM32G0B1CCT6N, STM32G0B1KCT6, STM32G0B1NEY6TR, STM32G0B1RCT6N, STM32G0C1CCT6, STM32G0C1CCT6N, STM32G0C1CCU6N, STM32G0C1CET6N, STM32G0C1CEU6N, STM32G0C1KCT6, STM32G0C1NEY6TR, STM32G0C1RCI6N, STM32G0C1RCT6N, STM32G0C1REI6N, STM32G0C1RET6N, STM32G0C1VCI6, STM32G0C1VEI6, STM32G471CCT6, STM32G471CCU6, STM32G471CET3, STM32G471CET6, STM32G471CEU3, STM32G471CEU6, STM32G471MCT6, STM32G471MET3, STM32G471MET6, STM32G471MEY6TR, STM32G471QCT6, STM32G471QET3, STM32G471RCT6, STM32G471RET3, STM32G471RET6, STM32G471VCH6, STM32G471VCI6, STM32G471VCT6, STM32G471VEH3, STM32G471VEH6, STM32G471VEI3, STM32G471VEI6, STM32G471VET3, STM32G471VET6, STM32G474CCT6, STM32H503CBT6, STM32H503CBU6, STM32H503EBY6TR, STM32H503KBU6, STM32H503RBT6, STM32H562AGI6, STM32H562AII6, STM32H562IGK6, STM32H562IGT6, STM32H562IIK6, STM32H562IIT6, STM32H562RGT6, STM32H562RGV6, STM32H562RIT6, STM32H562RIV6, STM32H562VGT6, STM32H562VIT6, STM32H562ZGT6, STM32H562ZIT6, STM32H563AGI6, STM32H563AII3Q, STM32H563AII6, STM32H563IGK6, STM32H563IGT6, STM32H563IIK3Q, STM32H563IIK6, STM32H563IIT3Q, STM32H563IIT6, STM32H563MIY3QTR, STM32H563RGT6, STM32H563RGV6, STM32H563RIT6, STM32H563RIV6, STM32H563VGT6, STM32H563VIT3Q, STM32H563VIT6, STM32H563ZGT6, STM32H563ZIT3Q, STM32H563ZIT6, STM32H573AII3Q, STM32H573AII6, STM32H573I-DK, STM32H573IIK3Q, STM32H573IIK6, STM32H573IIT3Q, STM32H573IIT6, STM32H573MIY3QTR, STM32H573RIT6, STM32H573RIV6, STM32H573VIT3Q, STM32H573VIT6, STM32H573ZIT3Q, STM32H573ZIT6, STM32L4R5QGI6STR, STM32MP131AAE3, STM32MP131AAF3, STM32MP131AAG3, STM32MP131CAE3, STM32MP131CAF3, STM32MP131CAG3, STM32MP131DAE7, STM32MP131DAF7, STM32MP131DAG7, STM32MP131FAE7, STM32MP131FAF7, STM32MP131FAG7, STM32MP133AAE3, STM32MP133AAF3, STM32MP133AAG3, STM32MP133CAE3, STM32MP133CAF3, STM32MP133CAG3, STM32MP133DAE7, STM32MP133DAF7, STM32MP133DAG7, STM32MP133FAE7, STM32MP133FAF7, STM32MP133FAG7, STM32MP135AAE3, STM32MP135AAF3, STM32MP135AAG3, STM32MP135CAE3, STM32MP135CAF3, STM32MP135CAG3, STM32MP135DAE7, STM32MP135DAF7, STM32MP135DAG7, STM32MP135F-DK, STM32MP135FAE7, STM32MP135FAF7, STM32MP135FAF7T, STM32MP135FAF7U, STM32MP135FAG7, STM32U535CBT6, STM32U535CBT6Q, STM32U535CBU6, STM32U535CBU6Q, STM32U535CCT6, STM32U535CCT6Q, STM32U535CCU6, STM32U535CCU6Q, STM32U535CET6, STM32U535CET6Q, STM32U535CEU6, STM32U535CEU6Q, STM32U535JEY6QTR, STM32U535NCY6QTR, STM32U535NEY6QTR, STM32U535RBI6, STM32U535RBI6Q, STM32U535RBT6, STM32U535RBT6Q, STM32U535RCI6, STM32U535RCI6Q, STM32U535RCT6, STM32U535RCT6Q, STM32U535REI6, STM32U535REI6Q, STM32U535RET6, STM32U535RET6Q, STM32U535VCI6, STM32U535VCI6Q, STM32U535VCT6, STM32U535VCT6Q, STM32U535VEI6, STM32U535VEI6Q, STM32U535VET6, STM32U535VET6Q, STM32U545CET6, STM32U545CET6Q, STM32U545CEU6, STM32U545CEU6Q, STM32U545JEY6QTR, STM32U545NEY6QTR, STM32U545REI6, STM32U545REI6Q, STM32U545RET6, STM32U545RET6Q, STM32U545VEI6, STM32U545VEI6Q, STM32U545VET6, STM32U545VET6Q, STM32U595AIH6, STM32U595AIH6Q, STM32U595AJH6, STM32U595AJH6Q, STM32U595QII6, STM32U595QII6Q, STM32U595QJI6, STM32U595QJI6Q, STM32U595RIT6, STM32U595RIT6Q, STM32U595RJT6, STM32U595RJT6Q, STM32U595VIT6, STM32U595VIT6Q, STM32U595VJT6, STM32U595VJT6Q, STM32U595ZIT6, STM32U595ZIT6Q, STM32U595ZIY6QTR, STM32U595ZJT6, STM32U595ZJT6Q, STM32U595ZJY6QTR, STM32U599BJY6QTR, STM32U599NIH6Q, STM32U599NJH6Q, STM32U599VIT6Q, STM32U599VJT6, STM32U599VJT6Q, STM32U599ZIT6Q, STM32U599ZIY6QTR, STM32U599ZJT6Q, STM32U599ZJY6QTR, STM32U5A5AJH6, STM32U5A5AJH6Q, STM32U5A5QJI6, STM32U5A5QJI6Q, STM32U5A5RJT6, STM32U5A5RJT6Q, STM32U5A5VJT6, STM32U5A5VJT6Q, STM32U5A5ZJT6, STM32U5A5ZJT6Q, STM32U5A5ZJY6QTR, STM32U5A9BJY6QTR, STM32U5A9J-DK, STM32U5A9NJH6Q, STM32U5A9VJT6Q, STM32U5A9ZJT6Q, STM32U5A9ZJY6QTR, STM32U5F7VIT6, STM32U5F7VIT6Q, STM32U5F7VJT6, STM32U5F7VJT6Q, STM32U5F9BJY6QTR, STM32U5F9NJH6Q, STM32U5F9VIT6Q, STM32U5F9VJT6Q, STM32U5F9ZIJ6QTR, STM32U5F9ZIT6Q, STM32U5F9ZJJ6QTR, STM32U5F9ZJT6Q, STM32U5G7VJT6, STM32U5G7VJT6Q, STM32U5G9BJY6QTR, STM32U5G9J-DK1, STM32U5G9J-DK2, STM32U5G9NJH6Q, STM32U5G9VJT6Q, STM32U5G9ZJJ6QTR, STM32U5G9ZJT6Q, STM32WB1MMCH6, STM32WBA52CEU6, STM32WBA52CEU6T, STM32WBA52CGU6, STM32WBA52CGU6T, STM32WBA52KEU6, STM32WBA52KEU6T, STM32WBA52KGU6, STM32WBA52KGU6T, STM32WL5MOCH6, STM32WL5MOCH6TR]
2023-11-17 09:17:48,052 [INFO] DbMcus:217 - Found 3848 MCUs, 3848 are supported
2023-11-17 09:17:48,053 [INFO] ApiDb:423 - Load user favorites file C:\Users\okeunji/.stm32cubeide/favorites.mcus.txt: 0 item(s)
2023-11-17 09:17:48,053 [INFO] ApiDb:427 - User favorites MCUs=[]
2023-11-17 09:17:48,053 [INFO] DbMcus:223 - Set 0 / 0 favorites MCUs
2023-11-17 09:17:48,487 [WARN] ThirdParty:833 - waiting for thirdparty lock release [change project]
2023-11-17 09:17:48,487 [INFO] ThirdParty:835 - entering critical section [change project]
2023-11-17 09:17:48,488 [INFO] ThirdParty:1030 - CMSIS Pack Vendor :STMicroelectronics X-CUBE-ISPU 1.1.0
2023-11-17 09:17:48,488 [INFO] ThirdParty:1030 - CMSIS Pack Vendor :STMicroelectronics USBPD 4.1
2023-11-17 09:17:48,488 [INFO] ThirdParty:1030 - CMSIS Pack Vendor :STMicroelectronics X-CUBE-GNSS1 6.0.0
2023-11-17 09:17:48,488 [INFO] ThirdParty:1030 - CMSIS Pack Vendor :STMicroelectronics USB_HOST 2.0.0
2023-11-17 09:17:48,488 [INFO] ThirdParty:1030 - CMSIS Pack Vendor :STMicroelectronics X-CUBE-AZRTOS-F4 1.1.0
2023-11-17 09:17:48,488 [INFO] ThirdParty:1030 - CMSIS Pack Vendor :STMicroelectronics LIBJPEG 8.0.0
2023-11-17 09:17:48,488 [INFO] ThirdParty:1030 - CMSIS Pack Vendor :wolfSSL I-CUBE-wolfSSL 5.6.3
2023-11-17 09:17:48,488 [INFO] ThirdParty:1030 - CMSIS Pack Vendor :STMicroelectronics X-CUBE-SMBUS 2.1.0
2023-11-17 09:17:48,488 [INFO] ThirdParty:1030 - CMSIS Pack Vendor :STMicroelectronics USB_DEVICE 3.0.0
2023-11-17 09:17:48,488 [INFO] ThirdParty:1030 - CMSIS Pack Vendor :STMicroelectronics X-CUBE-AZRTOS-WB 2.0.0
2023-11-17 09:17:48,488 [INFO] ThirdParty:1030 - CMSIS Pack Vendor :STMicroelectronics X-CUBE-FREERTOS 1.0.1
2023-11-17 09:17:48,488 [INFO] ThirdParty:1030 - CMSIS Pack Vendor :STMicroelectronics X-CUBE-AZRTOS-F7 1.1.0
2023-11-17 09:17:48,488 [INFO] ThirdParty:1030 - CMSIS Pack Vendor :STMicroelectronics X-CUBE-AZRTOS-L5 2.0.0
2023-11-17 09:17:48,488 [INFO] ThirdParty:1030 - CMSIS Pack Vendor :STMicroelectronics USB_DEVICE 2.0.0
2023-11-17 09:17:48,488 [INFO] ThirdParty:1030 - CMSIS Pack Vendor :STMicroelectronics X-CUBE-MEMS1 9.6.0
2023-11-17 09:17:48,488 [INFO] ThirdParty:1030 - CMSIS Pack Vendor :STMicroelectronics X-CUBE-EEPRMA1 4.2.0
2023-11-17 09:17:48,488 [INFO] ThirdParty:1030 - CMSIS Pack Vendor :ITTIA_DB I-CUBE-ITTIADB 8.8.0
2023-11-17 09:17:48,488 [INFO] ThirdParty:1030 - CMSIS Pack Vendor :STMicroelectronics FP-SNS-MOTENV1 4.3.2
2023-11-17 09:17:48,489 [INFO] ThirdParty:1030 - CMSIS Pack Vendor :STMicroelectronics X-CUBE-ALGOBUILD 1.3.0
2023-11-17 09:17:48,489 [INFO] ThirdParty:1030 - CMSIS Pack Vendor :STMicroelectronics X-CUBE-BLE1 6.2.4
2023-11-17 09:17:48,489 [INFO] ThirdParty:1030 - CMSIS Pack Vendor :STMicroelectronics X-CUBE-AZRTOS-L5 1.1.0
2023-11-17 09:17:48,489 [INFO] ThirdParty:1030 - CMSIS Pack Vendor :STMicroelectronics FreeRTOS 0.0.1
2023-11-17 09:17:48,489 [INFO] ThirdParty:1030 - CMSIS Pack Vendor :STMicroelectronics X-CUBE-AZRTOS-G0 1.1.0
2023-11-17 09:17:48,489 [INFO] ThirdParty:1030 - CMSIS Pack Vendor :STMicroelectronics X-CUBE-BLEMGR 2.0.0
2023-11-17 09:17:48,489 [INFO] ThirdParty:1030 - CMSIS Pack Vendor :STMicroelectronics X-CUBE-AI 8.0.1
2023-11-17 09:17:48,489 [INFO] ThirdParty:1030 - CMSIS Pack Vendor :STMicroelectronics X-CUBE-NFC4 3.0.0
2023-11-17 09:17:48,489 [INFO] ThirdParty:1030 - CMSIS Pack Vendor :STMicroelectronics X-CUBE-SUBG2 5.0.0
2023-11-17 09:17:48,489 [INFO] ThirdParty:1030 - CMSIS Pack Vendor :STMicroelectronics STM32_WPAN 1.0.0
2023-11-17 09:17:48,489 [INFO] ThirdParty:1030 - CMSIS Pack Vendor :STMicroelectronics lwIP 2.0.3
2023-11-17 09:17:48,489 [INFO] ThirdParty:1030 - CMSIS Pack Vendor :STMicroelectronics FP-SNS-FLIGHT1 5.0.2
2023-11-17 09:17:48,489 [INFO] ThirdParty:1030 - CMSIS Pack Vendor :STMicroelectronics USB_HOST 1.0.0
2023-11-17 09:17:48,489 [INFO] ThirdParty:1030 - CMSIS Pack Vendor :STMicroelectronics X-CUBE-TOF1 3.3.1
2023-11-17 09:17:48,489 [INFO] ThirdParty:1030 - CMSIS Pack Vendor :STMicroelectronics X-CUBE-AZRTOS-G4 2.0.0
2023-11-17 09:17:48,489 [INFO] ThirdParty:1030 - CMSIS Pack Vendor :STMicroelectronics PDM2PCM 3.1.0
2023-11-17 09:17:48,489 [INFO] ThirdParty:1030 - CMSIS Pack Vendor :STMicroelectronics X-CUBE-AZRTOS-H7 3.1.0
2023-11-17 09:17:48,489 [INFO] ThirdParty:1030 - CMSIS Pack Vendor :Infineon AIROC-Wi-Fi-Bluetooth-STM32 1.5.1
2023-11-17 09:17:48,489 [INFO] ThirdParty:1030 - CMSIS Pack Vendor :STMicroelectronics X-CUBE-BLEMGR 3.0.0
2023-11-17 09:17:48,489 [INFO] ThirdParty:1030 - CMSIS Pack Vendor :STMicroelectronics PDM2PCM 3.3.0
2023-11-17 09:17:48,489 [INFO] ThirdParty:1030 - CMSIS Pack Vendor :STMicroelectronics X-CUBE-DISPLAY 3.0.0
2023-11-17 09:17:48,489 [INFO] ThirdParty:1030 - CMSIS Pack Vendor :STMicroelectronics FP-SNS-MOTENVWB1 1.3.0
2023-11-17 09:17:48,490 [INFO] ThirdParty:1030 - CMSIS Pack Vendor :STMicroelectronics X-CUBE-BLE1 7.0.0
2023-11-17 09:17:48,490 [INFO] ThirdParty:1030 - CMSIS Pack Vendor :STMicroelectronics FP-ATR-SIGFOX1 3.2.0
2023-11-17 09:17:48,490 [INFO] ThirdParty:1030 - CMSIS Pack Vendor :STMicroelectronics HAL Drivers 0.0.0
2023-11-17 09:17:48,490 [INFO] ThirdParty:1030 - CMSIS Pack Vendor :STMicroelectronics MBEDTLS 2.16.2
2023-11-17 09:17:48,490 [INFO] ThirdParty:1030 - CMSIS Pack Vendor :emotas I-CUBE-CANOPEN 1.3.0
2023-11-17 09:17:48,490 [INFO] ThirdParty:1030 - CMSIS Pack Vendor :STMicroelectronics X-CUBE-MEMS1 10.0.0
2023-11-17 09:17:48,490 [INFO] ThirdParty:1030 - CMSIS Pack Vendor :STMicroelectronics X-CUBE-FREERTOS 1.1.0
2023-11-17 09:17:48,490 [INFO] ThirdParty:1030 - CMSIS Pack Vendor :STMicroelectronics X-CUBE-TOUCHGFX 4.22.0
2023-11-17 09:17:48,490 [INFO] ThirdParty:1030 - CMSIS Pack Vendor :STMicroelectronics X-CUBE-NFC7 1.0.1
2023-11-17 09:17:48,490 [INFO] ThirdParty:1030 - CMSIS Pack Vendor :STMicroelectronics MBEDTLS 2.14.1
2023-11-17 09:17:48,490 [INFO] ThirdParty:1030 - CMSIS Pack Vendor :STMicroelectronics X-CUBE-TOUCHGFX 4.22.1
2023-11-17 09:17:48,490 [INFO] ThirdParty:1030 - CMSIS Pack Vendor :STMicroelectronics X-CUBE-NFC6 3.0.0
2023-11-17 09:17:48,490 [INFO] ThirdParty:1030 - CMSIS Pack Vendor :STMicroelectronics X-CUBE-EEPRMA1 4.1.0
2023-11-17 09:17:48,490 [INFO] ThirdParty:1030 - CMSIS Pack Vendor :portGmbH I-Cube-SoM-uGOAL 1.1.0
2023-11-17 09:17:48,490 [INFO] ThirdParty:1030 - CMSIS Pack Vendor :STMicroelectronics X-CUBE-ALS 1.0.1
2023-11-17 09:17:48,490 [INFO] ThirdParty:1030 - CMSIS Pack Vendor :STMicroelectronics ThreadX 1.0.0
2023-11-17 09:17:48,490 [INFO] ThirdParty:1030 - CMSIS Pack Vendor :STMicroelectronics FP-SNS-SMARTAG2 1.2.0
2023-11-17 09:17:48,490 [INFO] ThirdParty:1030 - CMSIS Pack Vendor :STMicroelectronics X-CUBE-AZRTOS-WB 1.1.0
2023-11-17 09:17:48,490 [INFO] ThirdParty:1030 - CMSIS Pack Vendor :STMicroelectronics X-CUBE-AZRTOS-WL 2.0.0
2023-11-17 09:17:48,490 [INFO] ThirdParty:1030 - CMSIS Pack Vendor :SEGGER I-CUBE-embOS 1.3.1
2023-11-17 09:17:48,490 [INFO] ThirdParty:1030 - CMSIS Pack Vendor :STMicroelectronics USB_DEVICE 1.0.0
2023-11-17 09:17:48,490 [INFO] ThirdParty:1030 - CMSIS Pack Vendor :STMicroelectronics X-CUBE-AI 8.1.0
2023-11-17 09:17:48,490 [INFO] ThirdParty:1030 - CMSIS Pack Vendor :STMicroelectronics X-CUBE-AZRTOS-L4 2.0.0
2023-11-17 09:17:48,491 [INFO] ThirdParty:1030 - CMSIS Pack Vendor :STMicroelectronics ThreadX 0.0.2
2023-11-17 09:17:48,491 [INFO] ThirdParty:1030 - CMSIS Pack Vendor :WES I-CUBE-Cesium 1.3.0
2023-11-17 09:17:48,491 [INFO] ThirdParty:1030 - CMSIS Pack Vendor :STMicroelectronics FP-ATR-ASTRA1 2.0.0
2023-11-17 09:17:48,491 [INFO] ThirdParty:1030 - CMSIS Pack Vendor :STMicroelectronics lwIP 2.1.2
2023-11-17 09:17:48,491 [INFO] ThirdParty:1030 - CMSIS Pack Vendor :STMicroelectronics X-CUBE-SFXS2LP1 4.0.0
2023-11-17 09:17:48,491 [INFO] ThirdParty:1030 - CMSIS Pack Vendor :STMicroelectronics X-CUBE-BLE2 3.3.0
2023-11-17 09:17:48,491 [INFO] ThirdParty:1030 - CMSIS Pack Vendor :STMicroelectronics PDM2PCM 3.2.0
2023-11-17 09:17:48,491 [INFO] ThirdParty:841 - exiting critical section [change project]
2023-11-17 09:17:49,225 [INFO] PinOutPanel:1499 - setPackage(No Configuration,No Configuration)
2023-11-17 09:17:49,227 [INFO] PinOutPanel:1499 - setPackage(STM32F429ZITx,LQFP144)
2023-11-17 09:17:50,099 [INFO] UtilMem:75 - Before build in PCC Used Memory: 301090632 Bytes (498073600)
2023-11-17 09:17:51,096 [INFO] UtilMem:75 - After build in PCC Used Memory: 385680296 Bytes (498073600)
2023-11-17 09:17:51,132 [INFO] IPUIPlugin:80 - create IPUIPlugin
2023-11-17 09:17:51,132 [INFO] IPUIPlugin:80 - create IPUIPlugin
2023-11-17 09:17:51,132 [INFO] IPUIPlugin:80 - create IPUIPlugin
2023-11-17 09:17:51,132 [INFO] IPUIPlugin:80 - create IPUIPlugin
2023-11-17 09:17:51,132 [INFO] IPUIPlugin:80 - create IPUIPlugin
2023-11-17 09:17:51,133 [INFO] IPUIPlugin:80 - create IPUIPlugin
2023-11-17 09:17:51,133 [INFO] IPUIPlugin:80 - create IPUIPlugin
2023-11-17 09:17:51,133 [INFO] IPUIPlugin:80 - create IPUIPlugin
2023-11-17 09:17:51,133 [INFO] IPUIPlugin:80 - create IPUIPlugin
2023-11-17 09:17:51,133 [INFO] IPUIPlugin:80 - create IPUIPlugin
2023-11-17 09:17:51,133 [INFO] IPUIPlugin:80 - create IPUIPlugin
2023-11-17 09:17:51,133 [INFO] IPUIPlugin:80 - create IPUIPlugin
2023-11-17 09:17:51,134 [INFO] IPUIPlugin:80 - create IPUIPlugin
2023-11-17 09:17:51,134 [INFO] IPUIPlugin:80 - create IPUIPlugin
2023-11-17 09:17:51,134 [INFO] IPUIPlugin:80 - create IPUIPlugin
2023-11-17 09:17:51,134 [INFO] IPUIPlugin:80 - create IPUIPlugin
2023-11-17 09:17:51,134 [INFO] IPUIPlugin:80 - create IPUIPlugin
2023-11-17 09:17:51,134 [INFO] IPUIPlugin:80 - create IPUIPlugin
2023-11-17 09:17:51,134 [INFO] IPUIPlugin:80 - create IPUIPlugin
2023-11-17 09:17:51,135 [INFO] IPUIPlugin:80 - create IPUIPlugin
2023-11-17 09:17:51,135 [INFO] IPUIPlugin:80 - create IPUIPlugin
2023-11-17 09:17:51,135 [INFO] IPUIPlugin:80 - create IPUIPlugin
2023-11-17 09:17:51,135 [INFO] IPUIPlugin:80 - create IPUIPlugin
2023-11-17 09:17:51,135 [INFO] IPUIPlugin:80 - create IPUIPlugin
2023-11-17 09:17:51,136 [INFO] IPUIPlugin:80 - create IPUIPlugin
2023-11-17 09:17:51,136 [INFO] IPUIPlugin:80 - create IPUIPlugin
2023-11-17 09:17:51,136 [INFO] IPUIPlugin:80 - create IPUIPlugin
2023-11-17 09:17:51,137 [INFO] IPUIPlugin:80 - create IPUIPlugin
2023-11-17 09:17:51,137 [INFO] IPUIPlugin:80 - create IPUIPlugin
2023-11-17 09:17:51,137 [INFO] IPUIPlugin:80 - create IPUIPlugin
2023-11-17 09:17:51,138 [INFO] IPUIPlugin:80 - create IPUIPlugin
2023-11-17 09:17:51,138 [INFO] IPUIPlugin:80 - create IPUIPlugin
2023-11-17 09:17:51,138 [INFO] IPUIPlugin:80 - create IPUIPlugin
2023-11-17 09:17:51,138 [INFO] IPUIPlugin:80 - create IPUIPlugin
2023-11-17 09:17:51,138 [INFO] IPUIPlugin:80 - create IPUIPlugin
2023-11-17 09:17:51,139 [INFO] IPUIPlugin:80 - create IPUIPlugin
2023-11-17 09:17:51,139 [INFO] IPUIPlugin:80 - create IPUIPlugin
2023-11-17 09:17:51,139 [INFO] IPUIPlugin:80 - create IPUIPlugin
2023-11-17 09:17:51,139 [INFO] IPUIPlugin:80 - create IPUIPlugin
2023-11-17 09:17:51,139 [INFO] IPUIPlugin:80 - create IPUIPlugin
2023-11-17 09:17:51,140 [INFO] IPUIPlugin:80 - create IPUIPlugin
2023-11-17 09:17:51,140 [INFO] IPUIPlugin:80 - create IPUIPlugin
2023-11-17 09:17:51,140 [INFO] IPUIPlugin:80 - create IPUIPlugin
2023-11-17 09:17:51,140 [INFO] IPUIPlugin:80 - create IPUIPlugin
2023-11-17 09:17:51,141 [INFO] IPUIPlugin:80 - create IPUIPlugin
2023-11-17 09:17:51,141 [INFO] IPUIPlugin:80 - create IPUIPlugin
2023-11-17 09:17:51,141 [INFO] IPUIPlugin:80 - create IPUIPlugin
2023-11-17 09:17:51,141 [INFO] IPUIPlugin:80 - create IPUIPlugin
2023-11-17 09:17:51,142 [INFO] IPUIPlugin:80 - create IPUIPlugin
2023-11-17 09:17:51,142 [INFO] IPUIPlugin:80 - create IPUIPlugin
2023-11-17 09:17:51,142 [INFO] IPUIPlugin:80 - create IPUIPlugin
2023-11-17 09:17:51,142 [INFO] IPUIPlugin:80 - create IPUIPlugin
2023-11-17 09:17:51,142 [INFO] IPUIPlugin:80 - create IPUIPlugin
2023-11-17 09:17:51,143 [INFO] IPUIPlugin:80 - create IPUIPlugin
2023-11-17 09:17:51,143 [INFO] IPUIPlugin:80 - create IPUIPlugin
2023-11-17 09:17:51,143 [INFO] IPUIPlugin:80 - create IPUIPlugin
2023-11-17 09:17:51,144 [INFO] IPUIPlugin:80 - create IPUIPlugin
2023-11-17 09:17:51,144 [INFO] IPUIPlugin:80 - create IPUIPlugin
2023-11-17 09:17:51,144 [INFO] IPUIPlugin:80 - create IPUIPlugin
2023-11-17 09:17:51,144 [INFO] IPUIPlugin:80 - create IPUIPlugin
2023-11-17 09:17:51,145 [INFO] IPUIPlugin:80 - create IPUIPlugin
2023-11-17 09:17:51,146 [INFO] IPUIPlugin:80 - create IPUIPlugin
2023-11-17 09:17:51,146 [INFO] IPUIPlugin:80 - create IPUIPlugin
2023-11-17 09:17:51,146 [INFO] IPUIPlugin:80 - create IPUIPlugin
2023-11-17 09:17:51,147 [INFO] IPUIPlugin:80 - create IPUIPlugin
2023-11-17 09:17:51,147 [INFO] IPUIPlugin:80 - create IPUIPlugin
2023-11-17 09:17:51,318 [INFO] ApiDbMcu:507 - Load IP Config File for PDM2PCM
2023-11-17 09:17:51,642 [INFO] CADModel:165 - CPN selected for project levelSTM32F429ZIT6
2023-11-17 09:17:51,643 [INFO] CADModel:114 - Register for checkConnection events
2023-11-17 09:17:51,706 [INFO] OpenFileManager:328 - Restore cursor
2023-11-17 09:17:59,507 [INFO] ADCParametersView:116 -                Rank 1 : false
2023-11-17 09:17:59,508 [INFO] ADCParametersView:116 -                Rank 1 : false
2023-11-17 09:17:59,508 [INFO] ADCParametersView:116 -                Rank 2 : false
2023-11-17 09:17:59,665 [INFO] ADCParametersView:116 -                Rank 1 : false
2023-11-17 09:17:59,665 [INFO] ADCParametersView:116 -                Rank 2 : false
2023-11-17 09:17:59,665 [INFO] ADCParametersView:116 -                Rank 1 : false
2023-11-17 09:17:59,665 [INFO] ADCParametersView:116 -                Rank 2 : false
2023-11-17 09:17:59,666 [INFO] ADCParametersView:116 -                Rank 1 : false
2023-11-17 09:17:59,666 [INFO] ADCParametersView:116 -                Rank 2 : false
2023-11-17 09:17:59,666 [INFO] ADCParametersView:116 -                Rank 1 : false
2023-11-17 09:17:59,666 [INFO] ADCParametersView:116 -                Rank 2 : false
2023-11-17 09:17:59,666 [INFO] ADCParametersView:116 -                Rank 1 : false
2023-11-17 09:17:59,666 [INFO] ADCParametersView:116 -                Rank 2 : false
2023-11-17 09:17:59,666 [INFO] ADCParametersView:116 -                Rank 1 : false
2023-11-17 09:17:59,667 [INFO] ADCParametersView:116 -                Rank 2 : false
2023-11-17 09:17:59,667 [INFO] ADCParametersView:116 -                Rank 1 : false
2023-11-17 09:17:59,667 [INFO] ADCParametersView:116 -                Rank 2 : false
2023-11-17 09:17:59,667 [INFO] ADCParametersView:116 -                Rank 1 : false
2023-11-17 09:17:59,667 [INFO] ADCParametersView:116 -                Rank 2 : false
2023-11-17 09:17:59,667 [INFO] ADCParametersView:116 -                Rank 1 : false
2023-11-17 09:17:59,667 [INFO] ADCParametersView:116 -                Rank 2 : false
2023-11-17 09:17:59,667 [INFO] ADCParametersView:116 -                Rank 1 : false
2023-11-17 09:17:59,667 [INFO] ADCParametersView:116 -                Rank 2 : false
2023-11-17 09:17:59,668 [INFO] ADCParametersView:116 -                Rank 1 : false
2023-11-17 09:17:59,668 [INFO] ADCParametersView:116 -                Rank 2 : false
2023-11-17 09:17:59,668 [INFO] ADCParametersView:116 -                Rank 1 : false
2023-11-17 09:17:59,668 [INFO] ADCParametersView:116 -                Rank 2 : false
2023-11-17 09:17:59,668 [INFO] ADCParametersView:116 -                Rank 1 : false
2023-11-17 09:17:59,668 [INFO] ADCParametersView:116 -                Rank 2 : false
2023-11-17 09:17:59,668 [INFO] ADCParametersView:116 -                Rank 1 : false
2023-11-17 09:17:59,668 [INFO] ADCParametersView:116 -                Rank 2 : false
2023-11-17 09:17:59,668 [INFO] ADCParametersView:116 -                Rank 2 : false
2023-11-17 09:17:59,722 [INFO] ADCParametersView:116 -                Rank 1 : false
2023-11-17 09:17:59,723 [INFO] ADCParametersView:116 -                Rank 1 : false
2023-11-17 09:17:59,723 [INFO] ADCParametersView:116 -                Rank 2 : false
2023-11-17 09:18:06,410 [ERROR] LogOutputStream:75 - [STDERR_REDIRECT] SLF4J: Failed to load class "org.slf4j.impl.StaticLoggerBinder".
2023-11-17 09:18:06,410 [ERROR] LogOutputStream:75 - [STDERR_REDIRECT] SLF4J: Defaulting to no-operation (NOP) logger implementation
2023-11-17 09:18:06,412 [ERROR] LogOutputStream:75 - [STDERR_REDIRECT] SLF4J: See http://www.slf4j.org/codes.html#StaticLoggerBinder for further details.
2023-11-17 10:56:40,012 [INFO] MainUpdater:2868 - connection check result : 10
2023-11-17 10:56:40,012 [INFO] MainUpdater:2868 - connection check result : 10
2023-11-17 10:56:40,153 [INFO] MicroXplorer:468 - Change Database Path : 
2023-11-17 10:56:40,153 [INFO] MicroXplorer:498 - Change Database Version : DB.6.0.92
2023-11-17 10:56:40,182 [WARN] ThirdParty:871 - waiting for thirdparty lock release [close project]
2023-11-17 10:56:40,182 [INFO] ThirdParty:873 - entering critical section [close project]
2023-11-17 10:56:40,182 [INFO] ThirdParty:883 - exiting critical section [close project]
2023-11-17 10:56:40,186 [INFO] PinOutPanel:1499 - setPackage(No Configuration,No Configuration)
2023-11-17 10:56:40,194 [WARN] IpParametersView:151 - Warning: This peripheral hasn't parameters
2023-11-17 10:56:40,200 [WARN] MainPanel:272 - <html><b><center>Warning: This peripheral has no parameters to be configured<br></b></html>
2023-11-17 10:56:40,208 [INFO] UtilMem:75 - Begin LoadConfig() Used Memory: 740738048 Bytes (956301312)
2023-11-17 10:56:40,209 [INFO] MicroXplorer:468 - Change Database Path : 
2023-11-17 10:56:40,209 [INFO] MicroXplorer:498 - Change Database Version : DB.6.0.92
2023-11-17 10:56:40,209 [INFO] OpenFileManager:308 - Change cursor
2023-11-17 10:56:40,219 [INFO] Mcu:1946 - Initializing MCU STM32F429ZITx STM32F429ZITx STM32F429ZIT6
2023-11-17 10:56:41,827 [INFO] Context:659 - Trying to add GPIOservice into a context  which must be forbidden
2023-11-17 10:56:42,310 [INFO] RtosManager:555 - Registered RTOS mode: class=CMSIS, group=RTOS, mode=CMSIS_V1, owner=FREERTOS
2023-11-17 10:56:42,310 [INFO] RtosManager:555 - Registered RTOS mode: class=CMSIS, group=RTOS2, mode=CMSIS_V2, owner=FREERTOS
2023-11-17 10:56:42,310 [INFO] RtosManager:555 - Registered RTOS mode: class=RTOS, group=Core, mode=CMSIS_V1, owner=FREERTOS
2023-11-17 10:56:42,310 [INFO] RtosManager:555 - Registered RTOS mode: class=RTOS, group=Core, mode=CMSIS_V2, owner=FREERTOS
2023-11-17 10:56:42,310 [WARN] ModelIntegratedComponent:184 - Missing modes for component STMicroelectronics:FreeRTOS:0.0.1:STMicroelectronics:RTOS:FreeRTOS:Core:::10.2.0:
2023-11-17 10:56:42,320 [WARN] ModelIntegratedComponent:63 - No mode defined for component null
2023-11-17 10:56:42,320 [WARN] ModelIntegratedComponent:63 - No mode defined for component null
2023-11-17 10:56:42,320 [WARN] ModelIntegratedComponent:63 - No mode defined for component null
2023-11-17 10:56:42,320 [WARN] ModelIntegratedComponent:63 - No mode defined for component null
2023-11-17 10:56:42,321 [WARN] ModelIntegratedComponent:63 - No mode defined for component null
2023-11-17 10:56:42,321 [WARN] ModelIntegratedComponent:63 - No mode defined for component null
2023-11-17 10:56:42,321 [WARN] ModelIntegratedComponent:63 - No mode defined for component null
2023-11-17 10:56:42,321 [WARN] ModelIntegratedComponent:63 - No mode defined for component null
2023-11-17 10:56:42,321 [WARN] ModelIntegratedComponent:63 - No mode defined for component null
2023-11-17 10:56:42,321 [WARN] ModelIntegratedComponent:63 - No mode defined for component null
2023-11-17 10:56:42,321 [WARN] ModelIntegratedComponent:63 - No mode defined for component null
2023-11-17 10:56:42,321 [WARN] ModelIntegratedComponent:63 - No mode defined for component null
2023-11-17 10:56:42,321 [WARN] ModelIntegratedComponent:63 - No mode defined for component null
2023-11-17 10:56:42,321 [WARN] ModelIntegratedComponent:63 - No mode defined for component null
2023-11-17 10:56:42,321 [WARN] ModelIntegratedComponent:63 - No mode defined for component null
2023-11-17 10:56:42,321 [WARN] ModelIntegratedComponent:63 - No mode defined for component null
2023-11-17 10:56:42,321 [WARN] ModelIntegratedComponent:63 - No mode defined for component null
2023-11-17 10:56:42,321 [WARN] ModelIntegratedComponent:63 - No mode defined for component null
2023-11-17 10:56:42,321 [WARN] ModelIntegratedComponent:63 - No mode defined for component null
2023-11-17 10:56:42,321 [WARN] ModelIntegratedComponent:63 - No mode defined for component null
2023-11-17 10:56:42,321 [WARN] ModelIntegratedComponent:63 - No mode defined for component null
2023-11-17 10:56:42,321 [WARN] ModelIntegratedComponent:63 - No mode defined for component null
2023-11-17 10:56:42,321 [WARN] ModelIntegratedComponent:63 - No mode defined for component null
2023-11-17 10:56:42,321 [WARN] ModelIntegratedComponent:63 - No mode defined for component null
2023-11-17 10:56:42,322 [WARN] ModelIntegratedComponent:63 - No mode defined for component null
2023-11-17 10:56:42,322 [WARN] ModelIntegratedComponent:63 - No mode defined for component null
2023-11-17 10:56:42,322 [WARN] ModelIntegratedComponent:63 - No mode defined for component null
2023-11-17 10:56:42,322 [WARN] ModelIntegratedComponent:63 - No mode defined for component null
2023-11-17 10:56:42,322 [WARN] ModelIntegratedComponent:63 - No mode defined for component null
2023-11-17 10:56:42,322 [WARN] ModelIntegratedComponent:63 - No mode defined for component null
2023-11-17 10:56:42,322 [WARN] ModelIntegratedComponent:63 - No mode defined for component null
2023-11-17 10:56:42,322 [WARN] ModelIntegratedComponent:63 - No mode defined for component null
2023-11-17 10:56:42,322 [WARN] ModelIntegratedComponent:63 - No mode defined for component null
2023-11-17 10:56:42,422 [INFO] ThirdPartyModel:298 - Start build external matchings
2023-11-17 10:56:43,102 [INFO] ThirdPartyModel:316 - End build external matchings
2023-11-17 10:56:43,117 [INFO] ImportTextPane:194 - (OptionalMessage_ERROR) IP (DMA) : Parameter (Instance) has Id (ADC1) currently not set
2023-11-17 10:56:43,117 [INFO] ImportTextPane:194 - (OptionalMessage_ERROR) IP (DMA) : Parameter (Channel) has Id (ADC1) currently not set
2023-11-17 10:56:43,117 [INFO] ImportTextPane:194 - (OptionalMessage_ERROR) IP (DMA) : Parameter (Direction) has Id (ADC1) currently not set
2023-11-17 10:56:43,117 [INFO] ImportTextPane:194 - (OptionalMessage_ERROR) IP (DMA) : Parameter (PeriphInc) has Id (ADC1) currently not set
2023-11-17 10:56:43,117 [INFO] ImportTextPane:194 - (OptionalMessage_ERROR) IP (DMA) : Parameter (MemInc) has Id (ADC1) currently not set
2023-11-17 10:56:43,118 [INFO] ImportTextPane:194 - (OptionalMessage_ERROR) IP (DMA) : Parameter (PeriphDataAlignment) has Id (ADC1) currently not set
2023-11-17 10:56:43,118 [INFO] ImportTextPane:194 - (OptionalMessage_ERROR) IP (DMA) : Parameter (MemDataAlignment) has Id (ADC1) currently not set
2023-11-17 10:56:43,118 [INFO] ImportTextPane:194 - (OptionalMessage_ERROR) IP (DMA) : Parameter (Mode) has Id (ADC1) currently not set
2023-11-17 10:56:43,118 [INFO] ImportTextPane:194 - (OptionalMessage_ERROR) IP (DMA) : Parameter (Priority) has Id (ADC1) currently not set
2023-11-17 10:56:43,118 [INFO] ImportTextPane:194 - (OptionalMessage_ERROR) IP (DMA) : Parameter (FIFOMode) has Id (ADC1) currently not set
2023-11-17 10:56:43,118 [INFO] ImportTextPane:194 - (OptionalMessage_ERROR) IP (ETH) : Invalid parameter (PHY_Name)
2023-11-17 10:56:43,118 [INFO] ImportTextPane:194 - (OptionalMessage_ERROR) IP (ETH) : Invalid parameter (PHY_Value)
2023-11-17 10:56:43,118 [INFO] ImportTextPane:194 - (OptionalMessage_ERROR) IP (ETH) : Invalid parameter (PhyAddress)
2023-11-17 10:56:43,119 [INFO] ImportTextPane:194 - (OptionalMessage_ERROR) IP (RCC) : Invalid parameter (ADC12outputFreq_Value)
2023-11-17 10:56:43,119 [INFO] ImportTextPane:194 - (OptionalMessage_ERROR) IP (RCC) : Invalid parameter (ADC34outputFreq_Value)
2023-11-17 10:56:43,119 [INFO] ImportTextPane:194 - (OptionalMessage_ERROR) IP (RCC) : Invalid parameter (FamilyName)
2023-11-17 10:56:43,119 [INFO] ImportTextPane:194 - (OptionalMessage_ERROR) IP (RCC) : Invalid parameter (I2C1Freq_Value)
2023-11-17 10:56:43,119 [INFO] ImportTextPane:194 - (OptionalMessage_ERROR) IP (RCC) : Invalid parameter (I2C2Freq_Value)
2023-11-17 10:56:43,120 [INFO] ImportTextPane:194 - (OptionalMessage_ERROR) IP (RCC) : Invalid parameter (I2C3Freq_Value)
2023-11-17 10:56:43,120 [INFO] ImportTextPane:194 - (OptionalMessage_ERROR) IP (RCC) : Parameter (MCO2PinFreq_Value) has invalid value (168000000)
2023-11-17 10:56:43,120 [INFO] ImportTextPane:194 - (OptionalMessage_ERROR) IP (RCC) : Invalid parameter (MCOFreq_Value)
2023-11-17 10:56:43,120 [INFO] ImportTextPane:194 - (OptionalMessage_ERROR) IP (RCC) : Invalid parameter (PLLMCOFreq_Value)
2023-11-17 10:56:43,120 [INFO] ImportTextPane:194 - (OptionalMessage_ERROR) IP (RCC) : Invalid parameter (PLLMUL)
2023-11-17 10:56:43,120 [INFO] ImportTextPane:194 - (OptionalMessage_ERROR) IP (RCC) : Invalid parameter (PRESCALERUSB)
2023-11-17 10:56:43,120 [INFO] ImportTextPane:194 - (OptionalMessage_ERROR) IP (RCC) : Parameter (RTCHSEDivFreq_Value) has invalid value (4000000)
2023-11-17 10:56:43,120 [INFO] ImportTextPane:194 - (OptionalMessage_ERROR) IP (RCC) : Invalid parameter (SYSCLKSourceVirtual)
2023-11-17 10:56:43,120 [INFO] ImportTextPane:194 - (OptionalMessage_ERROR) IP (RCC) : Invalid parameter (TIM15Freq_Value)
2023-11-17 10:56:43,120 [INFO] ImportTextPane:194 - (OptionalMessage_ERROR) IP (RCC) : Invalid parameter (TIM16Freq_Value)
2023-11-17 10:56:43,120 [INFO] ImportTextPane:194 - (OptionalMessage_ERROR) IP (RCC) : Invalid parameter (TIM17Freq_Value)
2023-11-17 10:56:43,120 [INFO] ImportTextPane:194 - (OptionalMessage_ERROR) IP (RCC) : Invalid parameter (TIM1Freq_Value)
2023-11-17 10:56:43,120 [INFO] ImportTextPane:194 - (OptionalMessage_ERROR) IP (RCC) : Invalid parameter (TIM20Freq_Value)
2023-11-17 10:56:43,120 [INFO] ImportTextPane:194 - (OptionalMessage_ERROR) IP (RCC) : Invalid parameter (TIM2Freq_Value)
2023-11-17 10:56:43,121 [INFO] ImportTextPane:194 - (OptionalMessage_ERROR) IP (RCC) : Invalid parameter (TIM3Freq_Value)
2023-11-17 10:56:43,121 [INFO] ImportTextPane:194 - (OptionalMessage_ERROR) IP (RCC) : Invalid parameter (TIM8Freq_Value)
2023-11-17 10:56:43,121 [INFO] ImportTextPane:194 - (OptionalMessage_ERROR) IP (RCC) : Invalid parameter (UART4Freq_Value)
2023-11-17 10:56:43,121 [INFO] ImportTextPane:194 - (OptionalMessage_ERROR) IP (RCC) : Invalid parameter (UART5Freq_Value)
2023-11-17 10:56:43,121 [INFO] ImportTextPane:194 - (OptionalMessage_ERROR) IP (RCC) : Invalid parameter (USART1Freq_Value)
2023-11-17 10:56:43,121 [INFO] ImportTextPane:194 - (OptionalMessage_ERROR) IP (RCC) : Invalid parameter (USART2Freq_Value)
2023-11-17 10:56:43,121 [INFO] ImportTextPane:194 - (OptionalMessage_ERROR) IP (RCC) : Invalid parameter (USART3Freq_Value)
2023-11-17 10:56:43,121 [INFO] ImportTextPane:194 - (OptionalMessage_ERROR) IP (RCC) : Invalid parameter (USBFreq_Value)
2023-11-17 10:56:43,121 [INFO] ImportTextPane:194 - (OptionalMessage_ERROR) IP (RCC) : Invalid parameter (VCOOutput2Freq_Value)
2023-11-17 10:56:43,429 [INFO] UtilMem:75 - End LoadConfig() Used Memory: 797127168 Bytes (956301312)
2023-11-17 10:56:43,482 [WARN] ThirdParty:833 - waiting for thirdparty lock release [change project]
2023-11-17 10:56:43,482 [INFO] ThirdParty:835 - entering critical section [change project]
2023-11-17 10:56:43,482 [INFO] ThirdParty:1030 - CMSIS Pack Vendor :STMicroelectronics X-CUBE-ISPU 1.1.0
2023-11-17 10:56:43,483 [INFO] ThirdParty:1030 - CMSIS Pack Vendor :STMicroelectronics USBPD 4.1
2023-11-17 10:56:43,483 [INFO] ThirdParty:1030 - CMSIS Pack Vendor :STMicroelectronics X-CUBE-GNSS1 6.0.0
2023-11-17 10:56:43,483 [INFO] ThirdParty:1030 - CMSIS Pack Vendor :STMicroelectronics USB_HOST 2.0.0
2023-11-17 10:56:43,483 [INFO] ThirdParty:1030 - CMSIS Pack Vendor :STMicroelectronics X-CUBE-AZRTOS-F4 1.1.0
2023-11-17 10:56:43,483 [INFO] ThirdParty:1030 - CMSIS Pack Vendor :STMicroelectronics LIBJPEG 8.0.0
2023-11-17 10:56:43,483 [INFO] ThirdParty:1030 - CMSIS Pack Vendor :wolfSSL I-CUBE-wolfSSL 5.6.3
2023-11-17 10:56:43,483 [INFO] ThirdParty:1030 - CMSIS Pack Vendor :STMicroelectronics X-CUBE-SMBUS 2.1.0
2023-11-17 10:56:43,483 [INFO] ThirdParty:1030 - CMSIS Pack Vendor :STMicroelectronics USB_DEVICE 3.0.0
2023-11-17 10:56:43,483 [INFO] ThirdParty:1030 - CMSIS Pack Vendor :STMicroelectronics X-CUBE-AZRTOS-WB 2.0.0
2023-11-17 10:56:43,483 [INFO] ThirdParty:1030 - CMSIS Pack Vendor :STMicroelectronics X-CUBE-FREERTOS 1.0.1
2023-11-17 10:56:43,483 [INFO] ThirdParty:1030 - CMSIS Pack Vendor :STMicroelectronics X-CUBE-AZRTOS-F7 1.1.0
2023-11-17 10:56:43,483 [INFO] ThirdParty:1030 - CMSIS Pack Vendor :STMicroelectronics X-CUBE-AZRTOS-L5 2.0.0
2023-11-17 10:56:43,483 [INFO] ThirdParty:1030 - CMSIS Pack Vendor :STMicroelectronics USB_DEVICE 2.0.0
2023-11-17 10:56:43,483 [INFO] ThirdParty:1030 - CMSIS Pack Vendor :STMicroelectronics X-CUBE-MEMS1 9.6.0
2023-11-17 10:56:43,483 [INFO] ThirdParty:1030 - CMSIS Pack Vendor :STMicroelectronics X-CUBE-EEPRMA1 4.2.0
2023-11-17 10:56:43,483 [INFO] ThirdParty:1030 - CMSIS Pack Vendor :ITTIA_DB I-CUBE-ITTIADB 8.8.0
2023-11-17 10:56:43,483 [INFO] ThirdParty:1030 - CMSIS Pack Vendor :STMicroelectronics FP-SNS-MOTENV1 4.3.2
2023-11-17 10:56:43,483 [INFO] ThirdParty:1030 - CMSIS Pack Vendor :STMicroelectronics X-CUBE-ALGOBUILD 1.3.0
2023-11-17 10:56:43,483 [INFO] ThirdParty:1030 - CMSIS Pack Vendor :STMicroelectronics X-CUBE-BLE1 6.2.4
2023-11-17 10:56:43,483 [INFO] ThirdParty:1030 - CMSIS Pack Vendor :STMicroelectronics X-CUBE-AZRTOS-L5 1.1.0
2023-11-17 10:56:43,483 [INFO] ThirdParty:1030 - CMSIS Pack Vendor :STMicroelectronics FreeRTOS 0.0.1
2023-11-17 10:56:43,483 [INFO] ThirdParty:1030 - CMSIS Pack Vendor :STMicroelectronics X-CUBE-AZRTOS-G0 1.1.0
2023-11-17 10:56:43,484 [INFO] ThirdParty:1030 - CMSIS Pack Vendor :STMicroelectronics X-CUBE-BLEMGR 2.0.0
2023-11-17 10:56:43,484 [INFO] ThirdParty:1030 - CMSIS Pack Vendor :STMicroelectronics X-CUBE-AI 8.0.1
2023-11-17 10:56:43,484 [INFO] ThirdParty:1030 - CMSIS Pack Vendor :STMicroelectronics X-CUBE-NFC4 3.0.0
2023-11-17 10:56:43,484 [INFO] ThirdParty:1030 - CMSIS Pack Vendor :STMicroelectronics X-CUBE-SUBG2 5.0.0
2023-11-17 10:56:43,484 [INFO] ThirdParty:1030 - CMSIS Pack Vendor :STMicroelectronics STM32_WPAN 1.0.0
2023-11-17 10:56:43,484 [INFO] ThirdParty:1030 - CMSIS Pack Vendor :STMicroelectronics lwIP 2.0.3
2023-11-17 10:56:43,484 [INFO] ThirdParty:1030 - CMSIS Pack Vendor :STMicroelectronics FP-SNS-FLIGHT1 5.0.2
2023-11-17 10:56:43,484 [INFO] ThirdParty:1030 - CMSIS Pack Vendor :STMicroelectronics USB_HOST 1.0.0
2023-11-17 10:56:43,484 [INFO] ThirdParty:1030 - CMSIS Pack Vendor :STMicroelectronics X-CUBE-TOF1 3.3.1
2023-11-17 10:56:43,484 [INFO] ThirdParty:1030 - CMSIS Pack Vendor :STMicroelectronics X-CUBE-AZRTOS-G4 2.0.0
2023-11-17 10:56:43,484 [INFO] ThirdParty:1030 - CMSIS Pack Vendor :STMicroelectronics PDM2PCM 3.1.0
2023-11-17 10:56:43,484 [INFO] ThirdParty:1030 - CMSIS Pack Vendor :STMicroelectronics X-CUBE-AZRTOS-H7 3.1.0
2023-11-17 10:56:43,484 [INFO] ThirdParty:1030 - CMSIS Pack Vendor :Infineon AIROC-Wi-Fi-Bluetooth-STM32 1.5.1
2023-11-17 10:56:43,484 [INFO] ThirdParty:1030 - CMSIS Pack Vendor :STMicroelectronics X-CUBE-BLEMGR 3.0.0
2023-11-17 10:56:43,484 [INFO] ThirdParty:1030 - CMSIS Pack Vendor :STMicroelectronics PDM2PCM 3.3.0
2023-11-17 10:56:43,484 [INFO] ThirdParty:1030 - CMSIS Pack Vendor :STMicroelectronics X-CUBE-DISPLAY 3.0.0
2023-11-17 10:56:43,484 [INFO] ThirdParty:1030 - CMSIS Pack Vendor :STMicroelectronics FP-SNS-MOTENVWB1 1.3.0
2023-11-17 10:56:43,484 [INFO] ThirdParty:1030 - CMSIS Pack Vendor :STMicroelectronics X-CUBE-BLE1 7.0.0
2023-11-17 10:56:43,484 [INFO] ThirdParty:1030 - CMSIS Pack Vendor :STMicroelectronics FP-ATR-SIGFOX1 3.2.0
2023-11-17 10:56:43,484 [INFO] ThirdParty:1030 - CMSIS Pack Vendor :STMicroelectronics HAL Drivers 0.0.0
2023-11-17 10:56:43,485 [INFO] ThirdParty:1030 - CMSIS Pack Vendor :STMicroelectronics MBEDTLS 2.16.2
2023-11-17 10:56:43,485 [INFO] ThirdParty:1030 - CMSIS Pack Vendor :emotas I-CUBE-CANOPEN 1.3.0
2023-11-17 10:56:43,485 [INFO] ThirdParty:1030 - CMSIS Pack Vendor :STMicroelectronics X-CUBE-MEMS1 10.0.0
2023-11-17 10:56:43,485 [INFO] ThirdParty:1030 - CMSIS Pack Vendor :STMicroelectronics X-CUBE-FREERTOS 1.1.0
2023-11-17 10:56:43,485 [INFO] ThirdParty:1030 - CMSIS Pack Vendor :STMicroelectronics X-CUBE-TOUCHGFX 4.22.0
2023-11-17 10:56:43,485 [INFO] ThirdParty:1030 - CMSIS Pack Vendor :STMicroelectronics X-CUBE-NFC7 1.0.1
2023-11-17 10:56:43,485 [INFO] ThirdParty:1030 - CMSIS Pack Vendor :STMicroelectronics MBEDTLS 2.14.1
2023-11-17 10:56:43,485 [INFO] ThirdParty:1030 - CMSIS Pack Vendor :STMicroelectronics X-CUBE-TOUCHGFX 4.22.1
2023-11-17 10:56:43,485 [INFO] ThirdParty:1030 - CMSIS Pack Vendor :STMicroelectronics X-CUBE-NFC6 3.0.0
2023-11-17 10:56:43,485 [INFO] ThirdParty:1030 - CMSIS Pack Vendor :STMicroelectronics X-CUBE-EEPRMA1 4.1.0
2023-11-17 10:56:43,485 [INFO] ThirdParty:1030 - CMSIS Pack Vendor :portGmbH I-Cube-SoM-uGOAL 1.1.0
2023-11-17 10:56:43,485 [INFO] ThirdParty:1030 - CMSIS Pack Vendor :STMicroelectronics X-CUBE-ALS 1.0.1
2023-11-17 10:56:43,485 [INFO] ThirdParty:1030 - CMSIS Pack Vendor :STMicroelectronics ThreadX 1.0.0
2023-11-17 10:56:43,485 [INFO] ThirdParty:1030 - CMSIS Pack Vendor :STMicroelectronics FP-SNS-SMARTAG2 1.2.0
2023-11-17 10:56:43,485 [INFO] ThirdParty:1030 - CMSIS Pack Vendor :STMicroelectronics X-CUBE-AZRTOS-WB 1.1.0
2023-11-17 10:56:43,485 [INFO] ThirdParty:1030 - CMSIS Pack Vendor :STMicroelectronics X-CUBE-AZRTOS-WL 2.0.0
2023-11-17 10:56:43,485 [INFO] ThirdParty:1030 - CMSIS Pack Vendor :SEGGER I-CUBE-embOS 1.3.1
2023-11-17 10:56:43,485 [INFO] ThirdParty:1030 - CMSIS Pack Vendor :STMicroelectronics USB_DEVICE 1.0.0
2023-11-17 10:56:43,485 [INFO] ThirdParty:1030 - CMSIS Pack Vendor :STMicroelectronics X-CUBE-AI 8.1.0
2023-11-17 10:56:43,485 [INFO] ThirdParty:1030 - CMSIS Pack Vendor :STMicroelectronics X-CUBE-AZRTOS-L4 2.0.0
2023-11-17 10:56:43,485 [INFO] ThirdParty:1030 - CMSIS Pack Vendor :STMicroelectronics ThreadX 0.0.2
2023-11-17 10:56:43,485 [INFO] ThirdParty:1030 - CMSIS Pack Vendor :WES I-CUBE-Cesium 1.3.0
2023-11-17 10:56:43,485 [INFO] ThirdParty:1030 - CMSIS Pack Vendor :STMicroelectronics FP-ATR-ASTRA1 2.0.0
2023-11-17 10:56:43,486 [INFO] ThirdParty:1030 - CMSIS Pack Vendor :STMicroelectronics lwIP 2.1.2
2023-11-17 10:56:43,486 [INFO] ThirdParty:1030 - CMSIS Pack Vendor :STMicroelectronics X-CUBE-SFXS2LP1 4.0.0
2023-11-17 10:56:43,486 [INFO] ThirdParty:1030 - CMSIS Pack Vendor :STMicroelectronics X-CUBE-BLE2 3.3.0
2023-11-17 10:56:43,486 [INFO] ThirdParty:1030 - CMSIS Pack Vendor :STMicroelectronics PDM2PCM 3.2.0
2023-11-17 10:56:43,486 [INFO] ThirdParty:841 - exiting critical section [change project]
2023-11-17 10:56:43,788 [INFO] PinOutPanel:1499 - setPackage(No Configuration,No Configuration)
2023-11-17 10:56:43,789 [INFO] PinOutPanel:1499 - setPackage(STM32F429ZITx,LQFP144)
2023-11-17 10:56:44,292 [INFO] UtilMem:75 - Before build in PCC Used Memory: 441170064 Bytes (977272832)
2023-11-17 10:56:44,560 [INFO] UtilMem:75 - After build in PCC Used Memory: 488355984 Bytes (977272832)
2023-11-17 10:56:44,586 [INFO] IPUIPlugin:80 - create IPUIPlugin
2023-11-17 10:56:44,586 [INFO] IPUIPlugin:80 - create IPUIPlugin
2023-11-17 10:56:44,586 [INFO] IPUIPlugin:80 - create IPUIPlugin
2023-11-17 10:56:44,587 [INFO] IPUIPlugin:80 - create IPUIPlugin
2023-11-17 10:56:44,587 [INFO] IPUIPlugin:80 - create IPUIPlugin
2023-11-17 10:56:44,587 [INFO] IPUIPlugin:80 - create IPUIPlugin
2023-11-17 10:56:44,587 [INFO] IPUIPlugin:80 - create IPUIPlugin
2023-11-17 10:56:44,587 [INFO] IPUIPlugin:80 - create IPUIPlugin
2023-11-17 10:56:44,587 [INFO] IPUIPlugin:80 - create IPUIPlugin
2023-11-17 10:56:44,587 [INFO] IPUIPlugin:80 - create IPUIPlugin
2023-11-17 10:56:44,588 [INFO] IPUIPlugin:80 - create IPUIPlugin
2023-11-17 10:56:44,588 [INFO] IPUIPlugin:80 - create IPUIPlugin
2023-11-17 10:56:44,588 [INFO] IPUIPlugin:80 - create IPUIPlugin
2023-11-17 10:56:44,588 [INFO] IPUIPlugin:80 - create IPUIPlugin
2023-11-17 10:56:44,588 [INFO] IPUIPlugin:80 - create IPUIPlugin
2023-11-17 10:56:44,588 [INFO] IPUIPlugin:80 - create IPUIPlugin
2023-11-17 10:56:44,588 [INFO] IPUIPlugin:80 - create IPUIPlugin
2023-11-17 10:56:44,588 [INFO] IPUIPlugin:80 - create IPUIPlugin
2023-11-17 10:56:44,588 [INFO] IPUIPlugin:80 - create IPUIPlugin
2023-11-17 10:56:44,588 [INFO] IPUIPlugin:80 - create IPUIPlugin
2023-11-17 10:56:44,589 [INFO] IPUIPlugin:80 - create IPUIPlugin
2023-11-17 10:56:44,589 [INFO] IPUIPlugin:80 - create IPUIPlugin
2023-11-17 10:56:44,589 [INFO] IPUIPlugin:80 - create IPUIPlugin
2023-11-17 10:56:44,589 [INFO] IPUIPlugin:80 - create IPUIPlugin
2023-11-17 10:56:44,589 [INFO] IPUIPlugin:80 - create IPUIPlugin
2023-11-17 10:56:44,589 [INFO] IPUIPlugin:80 - create IPUIPlugin
2023-11-17 10:56:44,589 [INFO] IPUIPlugin:80 - create IPUIPlugin
2023-11-17 10:56:44,590 [INFO] IPUIPlugin:80 - create IPUIPlugin
2023-11-17 10:56:44,590 [INFO] IPUIPlugin:80 - create IPUIPlugin
2023-11-17 10:56:44,590 [INFO] IPUIPlugin:80 - create IPUIPlugin
2023-11-17 10:56:44,590 [INFO] IPUIPlugin:80 - create IPUIPlugin
2023-11-17 10:56:44,590 [INFO] IPUIPlugin:80 - create IPUIPlugin
2023-11-17 10:56:44,591 [INFO] IPUIPlugin:80 - create IPUIPlugin
2023-11-17 10:56:44,591 [INFO] IPUIPlugin:80 - create IPUIPlugin
2023-11-17 10:56:44,591 [INFO] IPUIPlugin:80 - create IPUIPlugin
2023-11-17 10:56:44,591 [INFO] IPUIPlugin:80 - create IPUIPlugin
2023-11-17 10:56:44,591 [INFO] IPUIPlugin:80 - create IPUIPlugin
2023-11-17 10:56:44,592 [INFO] IPUIPlugin:80 - create IPUIPlugin
2023-11-17 10:56:44,592 [INFO] IPUIPlugin:80 - create IPUIPlugin
2023-11-17 10:56:44,592 [INFO] IPUIPlugin:80 - create IPUIPlugin
2023-11-17 10:56:44,592 [INFO] IPUIPlugin:80 - create IPUIPlugin
2023-11-17 10:56:44,593 [INFO] IPUIPlugin:80 - create IPUIPlugin
2023-11-17 10:56:44,593 [INFO] IPUIPlugin:80 - create IPUIPlugin
2023-11-17 10:56:44,594 [INFO] IPUIPlugin:80 - create IPUIPlugin
2023-11-17 10:56:44,594 [INFO] IPUIPlugin:80 - create IPUIPlugin
2023-11-17 10:56:44,594 [INFO] IPUIPlugin:80 - create IPUIPlugin
2023-11-17 10:56:44,595 [INFO] IPUIPlugin:80 - create IPUIPlugin
2023-11-17 10:56:44,595 [INFO] IPUIPlugin:80 - create IPUIPlugin
2023-11-17 10:56:44,596 [INFO] IPUIPlugin:80 - create IPUIPlugin
2023-11-17 10:56:44,596 [INFO] IPUIPlugin:80 - create IPUIPlugin
2023-11-17 10:56:44,597 [INFO] IPUIPlugin:80 - create IPUIPlugin
2023-11-17 10:56:44,597 [INFO] IPUIPlugin:80 - create IPUIPlugin
2023-11-17 10:56:44,598 [INFO] IPUIPlugin:80 - create IPUIPlugin
2023-11-17 10:56:44,598 [INFO] IPUIPlugin:80 - create IPUIPlugin
2023-11-17 10:56:44,599 [INFO] IPUIPlugin:80 - create IPUIPlugin
2023-11-17 10:56:44,599 [INFO] IPUIPlugin:80 - create IPUIPlugin
2023-11-17 10:56:44,600 [INFO] IPUIPlugin:80 - create IPUIPlugin
2023-11-17 10:56:44,600 [INFO] IPUIPlugin:80 - create IPUIPlugin
2023-11-17 10:56:44,600 [INFO] IPUIPlugin:80 - create IPUIPlugin
2023-11-17 10:56:44,601 [INFO] IPUIPlugin:80 - create IPUIPlugin
2023-11-17 10:56:44,601 [INFO] IPUIPlugin:80 - create IPUIPlugin
2023-11-17 10:56:44,601 [INFO] IPUIPlugin:80 - create IPUIPlugin
2023-11-17 10:56:44,602 [INFO] IPUIPlugin:80 - create IPUIPlugin
2023-11-17 10:56:44,602 [INFO] IPUIPlugin:80 - create IPUIPlugin
2023-11-17 10:56:44,603 [INFO] IPUIPlugin:80 - create IPUIPlugin
2023-11-17 10:56:44,603 [INFO] IPUIPlugin:80 - create IPUIPlugin
2023-11-17 10:56:44,606 [INFO] ApiDbMcu:507 - Load IP Config File for PDM2PCM
2023-11-17 10:56:44,679 [INFO] CADModel:165 - CPN selected for project levelSTM32F429ZIT6
2023-11-17 10:56:44,679 [INFO] CADModel:114 - Register for checkConnection events
2023-11-17 10:56:44,743 [INFO] OpenFileManager:328 - Restore cursor
2023-11-17 15:43:40,629 [INFO] NvicIntPanel:101 - NVIC parent = com.st.microxplorer.plugins.ip.nvic.MultiNvicIntPanel[,0,0,0x0,invalid,layout=javax.swing.BoxLayout,alignmentX=0.0,alignmentY=0.0,border=,flags=9,maximumSize=,minimumSize=,preferredSize=]
2023-11-17 15:43:41,998 [INFO] NvicIntPanel:101 - NVIC parent = com.st.microxplorer.plugins.ip.nvic.MultiNvicIntPanel[,0,0,0x0,invalid,layout=javax.swing.BoxLayout,alignmentX=0.0,alignmentY=0.0,border=,flags=9,maximumSize=,minimumSize=,preferredSize=]
2023-11-17 15:43:43,792 [INFO] UtilMem:75 - End SaveConfig() Used Memory: 375875584 Bytes (1058013184)
2023-11-17 15:43:44,652 [INFO] UtilMem:75 - End SaveConfig() Used Memory: 429350912 Bytes (1058013184)
2023-11-17 15:43:48,007 [INFO] UtilMem:75 - End SaveConfig() Used Memory: 541026304 Bytes (1058013184)
2023-11-17 15:43:48,503 [INFO] BlockDiagram:2759 - set Specific Code input for plugin: TIM1_8
2023-11-17 15:43:48,503 [INFO] BlockDiagram:2759 - set Specific Code input for plugin: TIM1_8
2023-11-17 15:43:48,503 [INFO] BlockDiagram:2759 - set Specific Code input for plugin: SYS
2023-11-17 15:43:48,504 [INFO] BlockDiagram:2759 - set Specific Code input for plugin: ADC
2023-11-17 15:43:48,504 [INFO] BlockDiagram:2759 - set Specific Code input for plugin: RCC
2023-11-17 15:43:48,504 [INFO] BlockDiagram:2759 - set Specific Code input for plugin: I2C
2023-11-17 15:43:48,504 [INFO] BlockDiagram:2759 - set Specific Code input for plugin: RTC
2023-11-17 15:43:48,504 [INFO] BlockDiagram:2759 - set Specific Code input for plugin: NVIC
2023-11-17 15:43:48,504 [INFO] BlockDiagram:2759 - set Specific Code input for plugin: USART
2023-11-17 15:43:48,504 [INFO] BlockDiagram:2759 - set Specific Code input for plugin: DMA
2023-11-17 15:43:48,505 [INFO] BlockDiagram:2759 - set Specific Code input for plugin: GPIO
2023-11-17 15:43:48,505 [INFO] BlockDiagram:2759 - set Specific Code input for plugin: ETH
2023-11-17 15:43:48,506 [INFO] CodeGenerator:799 - code generatio: config db path: C:\ST\STM32CubeIDE_1.13.2\STM32CubeIDE\plugins\com.st.stm32cube.common.mx_6.9.2.202309101412\\db\
2023-11-17 15:43:48,877 [INFO] CodeEngine:255 - oldGeneratedFile, C:\Users\okeunji\STM32CubeIDE\workspace_1.13.2\clock\MXTmpFiles\license.tmp_save
2023-11-17 15:43:49,442 [INFO] CodeEngine:279 - Generated code: C:\Users\okeunji\STM32CubeIDE\workspace_1.13.2\clock\MXTmpFiles\license.tmp
2023-11-17 15:43:49,555 [INFO] CodeEngine:255 - oldGeneratedFile, C:\Users\okeunji\STM32CubeIDE\workspace_1.13.2\clock\MXTmpFiles\gpio.tmp_save
2023-11-17 15:43:49,793 [INFO] CodeEngine:279 - Generated code: C:\Users\okeunji\STM32CubeIDE\workspace_1.13.2\clock\MXTmpFiles\gpio.tmp
2023-11-17 15:43:50,378 [INFO] CodeEngine:255 - oldGeneratedFile, C:\Users\okeunji\STM32CubeIDE\workspace_1.13.2\clock\MXTmpFiles\dma.tmp_save
2023-11-17 15:43:50,494 [INFO] CodeEngine:279 - Generated code: C:\Users\okeunji\STM32CubeIDE\workspace_1.13.2\clock\MXTmpFiles\dma.tmp
2023-11-17 15:43:50,506 [INFO] CodeEngine:255 - oldGeneratedFile, C:\Users\okeunji\STM32CubeIDE\workspace_1.13.2\clock\MXTmpFiles\dma_GV.tmp_save
2023-11-17 15:43:50,616 [INFO] CodeEngine:279 - Generated code: C:\Users\okeunji\STM32CubeIDE\workspace_1.13.2\clock\MXTmpFiles\dma_GV.tmp
2023-11-17 15:43:50,666 [INFO] CodeEngine:255 - oldGeneratedFile, C:\Users\okeunji\STM32CubeIDE\workspace_1.13.2\clock\Core\Src\stm32f4xx_it.c_save
2023-11-17 15:43:50,855 [INFO] CodeEngine:279 - Generated code: C:\Users\okeunji\STM32CubeIDE\workspace_1.13.2\clock\Core\Src\stm32f4xx_it.c
2023-11-17 15:43:50,885 [INFO] CodeEngine:255 - oldGeneratedFile, C:\Users\okeunji\STM32CubeIDE\workspace_1.13.2\clock\Core\Inc\stm32f4xx_it.h_save
2023-11-17 15:43:51,009 [INFO] CodeEngine:279 - Generated code: C:\Users\okeunji\STM32CubeIDE\workspace_1.13.2\clock\Core\Inc\stm32f4xx_it.h
2023-11-17 15:43:51,068 [INFO] CodeEngine:255 - oldGeneratedFile, C:\Users\okeunji\STM32CubeIDE\workspace_1.13.2\clock\Core\Src\stm32f4xx_hal_msp.c_save
2023-11-17 15:43:51,257 [INFO] CodeEngine:279 - Generated code: C:\Users\okeunji\STM32CubeIDE\workspace_1.13.2\clock\Core\Src\stm32f4xx_hal_msp.c
2023-11-17 15:43:51,277 [INFO] CodeEngine:255 - oldGeneratedFile, C:\Users\okeunji\STM32CubeIDE\workspace_1.13.2\clock\MXTmpFiles\system.tmp_save
2023-11-17 15:43:51,356 [INFO] CodeEngine:279 - Generated code: C:\Users\okeunji\STM32CubeIDE\workspace_1.13.2\clock\MXTmpFiles\system.tmp
2023-11-17 15:43:51,384 [INFO] CodeEngine:311 - oldGeneratedFile, C:\Users\okeunji\STM32CubeIDE\workspace_1.13.2\clock\Core\Inc\stm32f4xx_hal_conf.h_save
2023-11-17 15:43:51,534 [INFO] CodeEngine:335 - Generated code: C:\Users\okeunji\STM32CubeIDE\workspace_1.13.2\clock\Core\Inc\stm32f4xx_hal_conf.h
2023-11-17 15:43:51,585 [WARN] IPConfigManager:3431 - IP not found : TIM
2023-11-17 15:43:51,586 [WARN] CodeGenerator:3764 - IP not found : null
2023-11-17 15:43:51,623 [INFO] CodeEngine:255 - oldGeneratedFile, C:\Users\okeunji\STM32CubeIDE\workspace_1.13.2\clock\Core\Inc\main.h_save
2023-11-17 15:43:51,749 [INFO] CodeEngine:279 - Generated code: C:\Users\okeunji\STM32CubeIDE\workspace_1.13.2\clock\Core\Inc\main.h
2023-11-17 15:43:51,784 [INFO] CodeEngine:255 - oldGeneratedFile, C:\Users\okeunji\STM32CubeIDE\workspace_1.13.2\clock\Core\Src\main.c_save
2023-11-17 15:43:52,062 [INFO] CodeEngine:279 - Generated code: C:\Users\okeunji\STM32CubeIDE\workspace_1.13.2\clock\Core\Src\main.c
2023-11-17 15:43:52,788 [INFO] ProjectBuilder:3064 - Time for Copy HAL[1] : 213mS.
2023-11-17 15:43:52,795 [INFO] ProjectBuilder:4404 - Project Generator version: 4.1.0
2023-11-17 15:43:52,980 [INFO] ConfigFileManager:1457 - The Die is : DIE419
2023-11-17 15:43:53,013 [INFO] ApiDbMcu:507 - Load IP Config File for FATFS
2023-11-17 15:43:53,026 [INFO] ApiDbMcu:507 - Load IP Config File for FREERTOS
2023-11-17 15:43:53,035 [INFO] ApiDbMcu:507 - Load IP Config File for LIBJPEG
2023-11-17 15:43:53,048 [INFO] ApiDbMcu:507 - Load IP Config File for LWIP
2023-11-17 15:43:53,063 [INFO] ApiDbMcu:507 - Load IP Config File for MBEDTLS
2023-11-17 15:43:53,078 [INFO] ApiDbMcu:507 - Load IP Config File for USB_DEVICE
2023-11-17 15:43:53,090 [INFO] ApiDbMcu:507 - Load IP Config File for USB_HOST
2023-11-17 15:43:54,329 [INFO] LogOutputStream:77 - [STDOUT_REDIRECT] 
2023-11-17 15:43:56,240 [INFO] ProjectBuilder:4626 - Time for Generating toolchain IDE Files: 3444mS.
2023-11-17 15:43:56,242 [INFO] ProjectBuilder:2935 - Time for Copy CMSIS : 0mS.
2023-11-17 15:43:56,245 [INFO] ProjectBuilder:2935 - Time for Copy CMSIS : 0mS.
