2023-11-09 09:26:44,641 [INFO] Activator:176 - 


2023-11-09 09:26:44,648 [INFO] Activator:177 - !SESSION log4j initialized
2023-11-09 09:26:54,568 [INFO] LogOutputStream:77 - [STDOUT_REDIRECT] 
2023-11-09 09:27:09,767 [INFO] ApplicationProperties:184 - Using Application install path: C:\ST\STM32CubeIDE_1.13.2\STM32CubeIDE\plugins\com.st.stm32cube.common.mx_6.9.2.202309101412
2023-11-09 09:27:09,783 [INFO] DbMcusXml:78 - Set database path to: C:\ST\STM32CubeIDE_1.13.2\STM32CubeIDE\plugins\com.st.stm32cube.common.mx_6.9.2.202309101412\\db\/mcu/
2023-11-09 09:27:09,783 [INFO] ApiDb:274 - Set plugin database path to: C:\ST\STM32CubeIDE_1.13.2\STM32CubeIDE\plugins\com.st.stm32cube.common.mx_6.9.2.202309101412\\db\/plugins/boardmanager/
2023-11-09 09:27:09,783 [WARN] ApiDb:259 - Overriding images path with different value:  => C:\ST\STM32CubeIDE_1.13.2\STM32CubeIDE\plugins\com.st.stm32cube.common.mx_6.9.2.202309101412\\db\/plugins/mcufinder/images/
2023-11-09 09:27:09,814 [INFO] ApiDb:250 - Set database path to: C:\Users\okeunji\.stmcufinder\plugins\mcufinder//mcu/
2023-11-09 09:27:09,814 [INFO] DbMcusAds:125 - Set database path to: C:\Users\okeunji\.stmcufinder\plugins\mcufinder//mcu/
2023-11-09 09:27:09,814 [INFO] CrossReferenceDbSqlite:203 - Set database path to: C:\Users\okeunji\.stmcufinder\plugins\mcufinder//mcu/cs/
2023-11-09 09:27:10,001 [INFO] RulesReader:64 - Compatibility file has been processed (293 Rules)
2023-11-09 09:27:10,095 [INFO] DbMcusXml:78 - Set database path to: C:\ST\STM32CubeIDE_1.13.2\STM32CubeIDE\plugins\com.st.stm32cube.common.mx_6.9.2.202309101412\\db\/mcu/
2023-11-09 09:27:10,095 [INFO] ApiDb:274 - Set plugin database path to: C:\ST\STM32CubeIDE_1.13.2\STM32CubeIDE\plugins\com.st.stm32cube.common.mx_6.9.2.202309101412\\db\/plugins/boardmanager/
2023-11-09 09:27:10,095 [INFO] ApiDb:261 - Set plugin images path to: C:\ST\STM32CubeIDE_1.13.2\STM32CubeIDE\plugins\com.st.stm32cube.common.mx_6.9.2.202309101412\\db\/plugins/mcufinder/images/
2023-11-09 09:27:10,095 [WARN] DbFile:41 - Overriding database path with different value: C:\Users\okeunji\.stmcufinder\plugins\mcufinder/ => C:\Users\okeunji\.stmcufinder\plugins\mcufinder
2023-11-09 09:27:10,095 [INFO] ApiDb:250 - Set database path to: C:\Users\okeunji\.stmcufinder\plugins\mcufinder//mcu/
2023-11-09 09:27:10,095 [WARN] DbFile:41 - Overriding database path with different value: C:\Users\okeunji\.stmcufinder\plugins\mcufinder/ => C:\Users\okeunji\.stmcufinder\plugins\mcufinder
2023-11-09 09:27:10,095 [INFO] DbMcusAds:125 - Set database path to: C:\Users\okeunji\.stmcufinder\plugins\mcufinder//mcu/
2023-11-09 09:27:10,095 [WARN] DbFile:41 - Overriding database path with different value: C:\Users\okeunji\.stmcufinder\plugins\mcufinder/ => C:\Users\okeunji\.stmcufinder\plugins\mcufinder
2023-11-09 09:27:10,095 [WARN] DbFile:41 - Overriding database path with different value: C:\Users\okeunji\.stmcufinder\plugins\mcufinder/ => C:\Users\okeunji\.stmcufinder\plugins\mcufinder
2023-11-09 09:27:10,095 [INFO] CrossReferenceDbSqlite:203 - Set database path to: C:\Users\okeunji\.stmcufinder\plugins\mcufinder//mcu/cs/
2023-11-09 09:27:10,173 [INFO] MainPanel:262 - HeapMemory: 314572800
2023-11-09 09:27:10,283 [INFO] DbMcusXml:78 - Set database path to: C:\ST\STM32CubeIDE_1.13.2\STM32CubeIDE\plugins\com.st.stm32cube.common.mx_6.9.2.202309101412\\db\/mcu/
2023-11-09 09:27:10,283 [INFO] ApiDb:274 - Set plugin database path to: C:\ST\STM32CubeIDE_1.13.2\STM32CubeIDE\plugins\com.st.stm32cube.common.mx_6.9.2.202309101412\\db\/plugins/boardmanager/
2023-11-09 09:27:10,283 [INFO] ApiDb:261 - Set plugin images path to: C:\ST\STM32CubeIDE_1.13.2\STM32CubeIDE\plugins\com.st.stm32cube.common.mx_6.9.2.202309101412\\db\/plugins/mcufinder/images/
2023-11-09 09:27:10,283 [WARN] DbFile:41 - Overriding database path with different value: C:\Users\okeunji\.stmcufinder\plugins\mcufinder/ => C:\Users\okeunji\.stmcufinder\plugins\mcufinder
2023-11-09 09:27:10,283 [INFO] ApiDb:250 - Set database path to: C:\Users\okeunji\.stmcufinder\plugins\mcufinder//mcu/
2023-11-09 09:27:10,283 [WARN] DbFile:41 - Overriding database path with different value: C:\Users\okeunji\.stmcufinder\plugins\mcufinder/ => C:\Users\okeunji\.stmcufinder\plugins\mcufinder
2023-11-09 09:27:10,283 [INFO] DbMcusAds:125 - Set database path to: C:\Users\okeunji\.stmcufinder\plugins\mcufinder//mcu/
2023-11-09 09:27:10,283 [WARN] DbFile:41 - Overriding database path with different value: C:\Users\okeunji\.stmcufinder\plugins\mcufinder/ => C:\Users\okeunji\.stmcufinder\plugins\mcufinder
2023-11-09 09:27:10,283 [WARN] DbFile:41 - Overriding database path with different value: C:\Users\okeunji\.stmcufinder\plugins\mcufinder/ => C:\Users\okeunji\.stmcufinder\plugins\mcufinder
2023-11-09 09:27:10,283 [INFO] CrossReferenceDbSqlite:203 - Set database path to: C:\Users\okeunji\.stmcufinder\plugins\mcufinder//mcu/cs/
2023-11-09 09:27:10,314 [INFO] ApplicationProperties:184 - Using Application install path: C:\ST\STM32CubeIDE_1.13.2\STM32CubeIDE\plugins\com.st.stm32cube.common.mx_6.9.2.202309101412
2023-11-09 09:27:10,314 [INFO] PluginManage:196 - Search for loadable plugins [exclusion list=, ]
2023-11-09 09:27:10,314 [INFO] PluginManage:310 - Check plugin analytics
2023-11-09 09:27:10,501 [INFO] AnalyticsPlugin:253 - Accepted Software Licenses: STM32CubeMX.6.9.2
2023-11-09 09:27:10,501 [INFO] AnalyticsPlugin:255 - Accepted CMSIS Pack Licenses: 
2023-11-09 09:27:10,501 [INFO] AnalyticsPlugin:257 - Accepted Firmware Licenses: FW.F4.1.27.0
2023-11-09 09:27:10,501 [INFO] PluginManage:359 - Loaded plugin analytics (category:tool,tabindex:-1)
2023-11-09 09:27:10,501 [INFO] PluginManage:310 - Check plugin cadmodel
2023-11-09 09:27:10,533 [INFO] CADModel:105 - Init CAD model plugin
2023-11-09 09:27:10,533 [INFO] PluginManage:359 - Loaded plugin cadmodel (category:power,tabindex:5)
2023-11-09 09:27:10,533 [INFO] PluginManage:310 - Check plugin clock
2023-11-09 09:27:10,548 [INFO] PluginManage:359 - Loaded plugin clock (category:base,tabindex:2)
2023-11-09 09:27:10,548 [INFO] PluginManage:310 - Check plugin ddr
2023-11-09 09:27:10,548 [INFO] PluginManage:359 - Loaded plugin ddr (category:tool,tabindex:6)
2023-11-09 09:27:10,548 [INFO] PluginManage:310 - Check plugin filemanager
2023-11-09 09:27:10,704 [INFO] PluginManage:359 - Loaded plugin filemanager (category:base,tabindex:10)
2023-11-09 09:27:10,704 [INFO] PluginManage:310 - Check plugin ipmanager
2023-11-09 09:27:10,704 [INFO] PluginManage:359 - Loaded plugin ipmanager (category:base,tabindex:5)
2023-11-09 09:27:10,704 [INFO] PluginManage:310 - Check plugin lpbam
2023-11-09 09:27:10,720 [INFO] PluginManage:359 - Loaded plugin lpbam (category:base,tabindex:0)
2023-11-09 09:27:10,720 [INFO] PluginManage:310 - Check plugin memorymap
2023-11-09 09:27:10,751 [INFO] PluginManage:359 - Loaded plugin memorymap (category:base,tabindex:4)
2023-11-09 09:27:10,751 [INFO] PluginManage:310 - Check plugin pinoutandconfiguration
2023-11-09 09:27:10,767 [INFO] PluginManage:359 - Loaded plugin pinoutandconfiguration (category:base,tabindex:1)
2023-11-09 09:27:10,767 [INFO] PluginManage:310 - Check plugin pinoutconfig
2023-11-09 09:27:10,876 [WARN] SupportedApi:132 - Cannot load RTOS API schema: s4s-elt-must-match.1: The content of 'definitions' must match (annotation?, (simpleType | complexType)?, (unique | key | keyref)*)). A problem was found starting at: attribute.
2023-11-09 09:27:11,017 [INFO] PluginManage:359 - Loaded plugin pinoutconfig (category:base,tabindex:0)
2023-11-09 09:27:11,017 [INFO] PluginManage:310 - Check plugin power
2023-11-09 09:27:11,048 [INFO] PluginManage:359 - Loaded plugin power (category:power,tabindex:4)
2023-11-09 09:27:11,048 [INFO] PluginManage:310 - Check plugin projectmanager
2023-11-09 09:27:11,064 [INFO] PluginManage:359 - Loaded plugin projectmanager (category:projectmanager,tabindex:3)
2023-11-09 09:27:11,064 [INFO] PluginManage:310 - Check plugin thirdparty
2023-11-09 09:27:11,423 [INFO] PluginManage:359 - Loaded plugin thirdparty (category:base,tabindex:-1)
2023-11-09 09:27:11,423 [WARN] IntegrityCheckThread:84 - waiting for thirdparty lock release [integrity check]
2023-11-09 09:27:11,432 [INFO] PluginManage:310 - Check plugin tools
2023-11-09 09:27:11,432 [INFO] IntegrityCheckThread:86 - entering critical section [integrity check]
2023-11-09 09:27:11,432 [INFO] ThirdPartyUpdaterWithRetryManager:70 - Updater plugin not ready yet. [1/15]
2023-11-09 09:27:11,463 [INFO] PluginManage:359 - Loaded plugin tools (category:base,tabindex:7)
2023-11-09 09:27:11,463 [INFO] PluginManage:310 - Check plugin tutovideos
2023-11-09 09:27:11,651 [INFO] PluginManage:359 - Loaded plugin tutovideos (category:base,tabindex:-1)
2023-11-09 09:27:11,651 [INFO] PluginManage:310 - Check plugin updater
2023-11-09 09:27:11,666 [INFO] PluginManage:359 - Loaded plugin updater (category:base,tabindex:12)
2023-11-09 09:27:11,666 [INFO] PluginManage:310 - Check plugin userauth
2023-11-09 09:27:11,666 [INFO] UserAuth:113 - Init User Auth plugin
2023-11-09 09:27:11,666 [INFO] PluginManage:359 - Loaded plugin userauth (category:base,tabindex:14)
2023-11-09 09:27:11,666 [INFO] PluginManage:283 - PluginManage : Loaded plugins [17]
2023-11-09 09:27:11,904 [INFO] PinOutPanel:1499 - setPackage(No Configuration,No Configuration)
2023-11-09 09:27:12,014 [INFO] CADModel:165 - CPN selected for project level
2023-11-09 09:27:12,014 [INFO] CADModel:114 - Register for checkConnection events
2023-11-09 09:27:12,045 [INFO] IPUIPlugin:80 - create IPUIPlugin
2023-11-09 09:27:12,045 [INFO] PluginManager:220 - loadIPPluginJar : add adc
2023-11-09 09:27:12,076 [INFO] IPUIPlugin:80 - create IPUIPlugin
2023-11-09 09:27:12,076 [INFO] PluginManager:220 - loadIPPluginJar : add aes
2023-11-09 09:27:12,123 [INFO] IPUIPlugin:80 - create IPUIPlugin
2023-11-09 09:27:12,123 [INFO] PluginManager:220 - loadIPPluginJar : add can
2023-11-09 09:27:12,139 [INFO] IPUIPlugin:80 - create IPUIPlugin
2023-11-09 09:27:12,139 [INFO] PluginManager:220 - loadIPPluginJar : add comp
2023-11-09 09:27:12,170 [INFO] IPUIPlugin:80 - create IPUIPlugin
2023-11-09 09:27:12,170 [INFO] PluginManager:220 - loadIPPluginJar : add cryp
2023-11-09 09:27:12,201 [INFO] IPUIPlugin:80 - create IPUIPlugin
2023-11-09 09:27:12,201 [INFO] PluginManager:220 - loadIPPluginJar : add dfsdm
2023-11-09 09:27:12,201 [INFO] IPUIPlugin:80 - create IPUIPlugin
2023-11-09 09:27:12,217 [INFO] PluginManager:220 - loadIPPluginJar : add dma
2023-11-09 09:27:12,248 [INFO] IPUIPlugin:80 - create IPUIPlugin
2023-11-09 09:27:12,248 [INFO] PluginManager:220 - loadIPPluginJar : add dma3
2023-11-09 09:27:12,264 [INFO] IPUIPlugin:80 - create IPUIPlugin
2023-11-09 09:27:12,264 [INFO] PluginManager:220 - loadIPPluginJar : add fatfs
2023-11-09 09:27:12,295 [INFO] IPUIPlugin:80 - create IPUIPlugin
2023-11-09 09:27:12,295 [INFO] PluginManager:220 - loadIPPluginJar : add fmc
2023-11-09 09:27:12,311 [INFO] IPUIPlugin:80 - create IPUIPlugin
2023-11-09 09:27:12,311 [INFO] PluginManager:220 - loadIPPluginJar : add freertos
2023-11-09 09:27:12,342 [INFO] IPUIPlugin:80 - create IPUIPlugin
2023-11-09 09:27:12,342 [INFO] PluginManager:220 - loadIPPluginJar : add genericplugin
2023-11-09 09:27:12,436 [INFO] IPUIPlugin:80 - create IPUIPlugin
2023-11-09 09:27:12,436 [INFO] PluginManager:220 - loadIPPluginJar : add gfxmmu
2023-11-09 09:27:12,607 [INFO] IPUIPlugin:80 - create IPUIPlugin
2023-11-09 09:27:12,607 [INFO] PluginManager:220 - loadIPPluginJar : add gic
2023-11-09 09:27:12,686 [INFO] IPUIPlugin:80 - create IPUIPlugin
2023-11-09 09:27:12,686 [INFO] PluginManager:220 - loadIPPluginJar : add gpio
2023-11-09 09:27:12,764 [INFO] IPUIPlugin:80 - create IPUIPlugin
2023-11-09 09:27:12,764 [INFO] PluginManager:220 - loadIPPluginJar : add gtzc
2023-11-09 09:27:12,889 [INFO] IPUIPlugin:80 - create IPUIPlugin
2023-11-09 09:27:12,889 [INFO] PluginManager:220 - loadIPPluginJar : add hash
2023-11-09 09:27:12,967 [INFO] IPUIPlugin:80 - create IPUIPlugin
2023-11-09 09:27:12,967 [INFO] PluginManager:220 - loadIPPluginJar : add i2c
2023-11-09 09:27:13,014 [INFO] IPUIPlugin:80 - create IPUIPlugin
2023-11-09 09:27:13,014 [INFO] PluginManager:220 - loadIPPluginJar : add i2s
2023-11-09 09:27:13,045 [INFO] IPUIPlugin:80 - create IPUIPlugin
2023-11-09 09:27:13,045 [INFO] PluginManager:220 - loadIPPluginJar : add i3c
2023-11-09 09:27:13,186 [INFO] IPUIPlugin:80 - create IPUIPlugin
2023-11-09 09:27:13,186 [INFO] PluginManager:220 - loadIPPluginJar : add ipddr
2023-11-09 09:27:13,357 [INFO] IPUIPlugin:80 - create IPUIPlugin
2023-11-09 09:27:13,357 [INFO] PluginManager:220 - loadIPPluginJar : add linkedlist
2023-11-09 09:27:13,404 [INFO] IPUIPlugin:80 - create IPUIPlugin
2023-11-09 09:27:13,404 [INFO] PluginManager:220 - loadIPPluginJar : add lorawan
2023-11-09 09:27:13,436 [INFO] IPUIPlugin:80 - create IPUIPlugin
2023-11-09 09:27:13,436 [INFO] PluginManager:220 - loadIPPluginJar : add ltdc
2023-11-09 09:27:13,451 [INFO] IPUIPlugin:80 - create IPUIPlugin
2023-11-09 09:27:13,451 [INFO] PluginManager:220 - loadIPPluginJar : add mdma
2023-11-09 09:27:13,467 [INFO] IPUIPlugin:80 - create IPUIPlugin
2023-11-09 09:27:13,467 [INFO] PluginManager:220 - loadIPPluginJar : add nvic
2023-11-09 09:27:13,498 [INFO] IPUIPlugin:80 - create IPUIPlugin
2023-11-09 09:27:13,498 [INFO] PluginManager:220 - loadIPPluginJar : add opamp
2023-11-09 09:27:13,561 [INFO] IPUIPlugin:80 - create IPUIPlugin
2023-11-09 09:27:13,561 [INFO] PluginManager:220 - loadIPPluginJar : add openamp
2023-11-09 09:27:13,717 [INFO] IPUIPlugin:80 - create IPUIPlugin
2023-11-09 09:27:13,717 [INFO] PluginManager:220 - loadIPPluginJar : add pdm2pcm
2023-11-09 09:27:13,764 [INFO] IPUIPlugin:80 - create IPUIPlugin
2023-11-09 09:27:13,764 [INFO] PluginManager:220 - loadIPPluginJar : add plateformsettings
2023-11-09 09:27:13,795 [INFO] IPUIPlugin:80 - create IPUIPlugin
2023-11-09 09:27:13,795 [INFO] PluginManager:220 - loadIPPluginJar : add quadspi
2023-11-09 09:27:13,811 [INFO] IPUIPlugin:80 - create IPUIPlugin
2023-11-09 09:27:13,811 [INFO] PluginManager:220 - loadIPPluginJar : add resmgrutility
2023-11-09 09:27:13,857 [INFO] IPUIPlugin:80 - create IPUIPlugin
2023-11-09 09:27:13,857 [INFO] PluginManager:220 - loadIPPluginJar : add sai
2023-11-09 09:27:13,889 [INFO] IPUIPlugin:80 - create IPUIPlugin
2023-11-09 09:27:13,889 [INFO] PluginManager:220 - loadIPPluginJar : add spi
2023-11-09 09:27:13,935 [INFO] IPUIPlugin:80 - create IPUIPlugin
2023-11-09 09:27:13,935 [INFO] PluginManager:220 - loadIPPluginJar : add stm32_wpan
2023-11-09 09:27:13,951 [INFO] IPUIPlugin:80 - create IPUIPlugin
2023-11-09 09:27:13,951 [INFO] PluginManager:220 - loadIPPluginJar : add tim
2023-11-09 09:27:13,998 [INFO] IPUIPlugin:80 - create IPUIPlugin
2023-11-09 09:27:13,998 [INFO] PluginManager:220 - loadIPPluginJar : add touchsensing
2023-11-09 09:27:14,029 [INFO] IPUIPlugin:80 - create IPUIPlugin
2023-11-09 09:27:14,029 [INFO] PluginManager:220 - loadIPPluginJar : add tracer_emb
2023-11-09 09:27:14,045 [INFO] IPUIPlugin:80 - create IPUIPlugin
2023-11-09 09:27:14,045 [INFO] PluginManager:220 - loadIPPluginJar : add ts
2023-11-09 09:27:14,060 [INFO] IPUIPlugin:80 - create IPUIPlugin
2023-11-09 09:27:14,060 [INFO] PluginManager:220 - loadIPPluginJar : add tsc
2023-11-09 09:27:14,076 [INFO] IPUIPlugin:80 - create IPUIPlugin
2023-11-09 09:27:14,076 [INFO] PluginManager:220 - loadIPPluginJar : add ucpd
2023-11-09 09:27:14,123 [INFO] IPUIPlugin:80 - create IPUIPlugin
2023-11-09 09:27:14,123 [INFO] PluginManager:220 - loadIPPluginJar : add usart
2023-11-09 09:27:14,154 [INFO] IPUIPlugin:80 - create IPUIPlugin
2023-11-09 09:27:14,154 [INFO] PluginManager:220 - loadIPPluginJar : add usbx
2023-11-09 09:27:14,283 [INFO] CADModel:165 - CPN selected for project level
2023-11-09 09:27:14,283 [INFO] CADModel:114 - Register for checkConnection events
2023-11-09 09:27:14,283 [FATAL] Updater:308 - Updater called before beeing initialized
2023-11-09 09:27:14,283 [ERROR] CADModel:125 - Updater not yet initialized, retry later 
2023-11-09 09:27:14,433 [INFO] ThirdPartyUpdaterWithRetryManager:70 - Updater plugin not ready yet. [2/15]
2023-11-09 09:27:14,536 [INFO] CADModel:165 - CPN selected for project level
2023-11-09 09:27:14,536 [INFO] CADModel:114 - Register for checkConnection events
2023-11-09 09:27:14,536 [FATAL] Updater:308 - Updater called before beeing initialized
2023-11-09 09:27:14,536 [ERROR] CADModel:125 - Updater not yet initialized, retry later 
2023-11-09 09:27:14,536 [FATAL] Updater:308 - Updater called before beeing initialized
2023-11-09 09:27:14,645 [FATAL] Updater:308 - Updater called before beeing initialized
2023-11-09 09:27:14,661 [INFO] DbMcusAds:53 - JSON generation date=Tue Mar 07 17:50:55 KST 2023 (1678179055335)
2023-11-09 09:27:14,661 [FATAL] Updater:308 - Updater called before beeing initialized
2023-11-09 09:27:14,739 [WARN] DetailPanel:346 - Failed to get advertising image, set to default
2023-11-09 09:27:14,833 [FATAL] Updater:308 - Updater called before beeing initialized
2023-11-09 09:27:14,833 [FATAL] Updater:308 - Updater called before beeing initialized
2023-11-09 09:27:14,833 [FATAL] Updater:308 - Updater called before beeing initialized
2023-11-09 09:27:14,833 [WARN] DetailPanel:346 - Failed to get advertising image, set to default
2023-11-09 09:27:14,833 [FATAL] Updater:308 - Updater called before beeing initialized
2023-11-09 09:27:14,897 [ERROR] Updater:1120 - MainUpdater not yet initialized. External WinMGr cannot be set.
2023-11-09 09:27:14,913 [INFO] Updater:1056 - Updater Version found : 6.9.2
2023-11-09 09:27:14,929 [INFO] ApplicationProperties:184 - Using Application install path: C:\ST\STM32CubeIDE_1.13.2\STM32CubeIDE\plugins\com.st.stm32cube.common.mx_6.9.2.202309101412
2023-11-09 09:27:15,241 [INFO] MainUpdater:2868 - connection check result : 10
2023-11-09 09:27:15,241 [INFO] MainUpdater:285 - Updater Check For Update Now.
2023-11-09 09:27:15,241 [INFO] MicroXplorer:498 - Change Database Version : DB.6.0.92
2023-11-09 09:27:15,313 [INFO] McuFinderGlobals:63 - Set McuFinder mode to 2 (CubeIDE integrated)
2023-11-09 09:27:15,503 [INFO] CheckServerUpdateThread:120 - End of CheckServer Thread
2023-11-09 09:27:17,668 [WARN] PackLoader:240 - Cannot read IP mode file for STMicroelectronics.X-CUBE-SMBUS.2.1.0
2023-11-09 09:27:17,737 [WARN] PackLoader:240 - Cannot read IP mode file for STMicroelectronics.X-CUBE-AZRTOS-F7.1.1.0
2023-11-09 09:27:17,804 [WARN] PackLoader:240 - Cannot read IP mode file for STMicroelectronics.FP-SNS-MOTENV1.4.3.2
2023-11-09 09:27:17,827 [WARN] PackLoader:240 - Cannot read IP mode file for STMicroelectronics.X-CUBE-BLE1.6.2.4
2023-11-09 09:27:17,847 [WARN] PackLoader:240 - Cannot read IP mode file for STMicroelectronics.FP-SNS-FLIGHT1.5.0.2
2023-11-09 09:27:17,869 [WARN] PackLoader:240 - Cannot read IP mode file for STMicroelectronics.X-CUBE-DISPLAY.3.0.0
2023-11-09 09:27:17,892 [WARN] PackLoader:240 - Cannot read IP mode file for STMicroelectronics.X-CUBE-BLE1.7.0.0
2023-11-09 09:27:17,910 [WARN] PackLoader:240 - Cannot read IP mode file for emotas.I-CUBE-CANOPEN.1.3.0
2023-11-09 09:27:17,927 [WARN] PackLoader:240 - Cannot read IP mode file for STMicroelectronics.X-CUBE-TOUCHGFX.4.22.0
2023-11-09 09:27:17,942 [WARN] PackLoader:240 - Cannot read IP mode file for STMicroelectronics.X-CUBE-TOUCHGFX.4.22.1
2023-11-09 09:27:17,954 [WARN] PackLoader:240 - Cannot read IP mode file for STMicroelectronics.FP-SNS-SMARTAG2.1.2.0
2023-11-09 09:27:17,977 [INFO] LogOutputStream:77 - [STDOUT_REDIRECT] 1 : Invalid condition id : UX_CORESTACK_Condition cause : null
2023-11-09 09:27:17,978 [INFO] LogOutputStream:77 - [STDOUT_REDIRECT] 1 : Invalid condition id : UX_CORESTACK_Condition cause : null
2023-11-09 09:27:17,980 [INFO] LogOutputStream:77 - [STDOUT_REDIRECT] 1 : Invalid condition id : UX_CORESTACK_Condition cause : null
2023-11-09 09:27:17,981 [INFO] LogOutputStream:77 - [STDOUT_REDIRECT] 1 : Invalid condition id : UX_CORESTACK_Condition cause : null
2023-11-09 09:27:17,982 [INFO] LogOutputStream:77 - [STDOUT_REDIRECT] 1 : Invalid condition id : UX_CORESTACK_Condition cause : null
2023-11-09 09:27:17,986 [WARN] PackLoader:240 - Cannot read IP mode file for STMicroelectronics.X-CUBE-AZRTOS-WL.2.0.0
2023-11-09 09:27:18,007 [WARN] PackLoader:240 - Cannot read IP mode file for WES.I-CUBE-Cesium.1.3.0
2023-11-09 09:27:18,020 [WARN] PackLoader:240 - Cannot read IP mode file for STMicroelectronics.X-CUBE-BLE2.3.3.0
2023-11-09 09:27:18,035 [WARN] PackLoader:240 - Cannot read IP mode file for STMicroelectronics.X-CUBE-ALGOBUILD.1.3.0
2023-11-09 09:27:18,068 [WARN] PackLoader:240 - Cannot read IP mode file for STMicroelectronics.X-CUBE-AZRTOS-G0.1.1.0
2023-11-09 09:27:18,086 [WARN] PackLoader:240 - Cannot read IP mode file for STMicroelectronics.X-CUBE-NFC4.3.0.0
2023-11-09 09:27:18,110 [WARN] PackLoader:240 - Cannot read IP mode file for STMicroelectronics.X-CUBE-BLEMGR.3.0.0
2023-11-09 09:27:18,125 [WARN] PackLoader:240 - Cannot read IP mode file for STMicroelectronics.FP-ATR-SIGFOX1.3.2.0
2023-11-09 09:27:18,171 [WARN] PackLoader:240 - Cannot read IP mode file for SEGGER.I-CUBE-embOS.1.3.1
2023-11-09 09:27:18,227 [WARN] PackLoader:240 - Cannot read IP mode file for STMicroelectronics.X-CUBE-GNSS1.6.0.0
2023-11-09 09:27:18,265 [WARN] PackLoader:240 - Cannot read IP mode file for STMicroelectronics.X-CUBE-AZRTOS-F4.1.1.0
2023-11-09 09:27:18,286 [WARN] PackLoader:240 - Cannot read IP mode file for wolfSSL.I-CUBE-wolfSSL.5.6.3
2023-11-09 09:27:18,326 [WARN] PackLoader:240 - Cannot read IP mode file for STMicroelectronics.X-CUBE-AZRTOS-L5.2.0.0
2023-11-09 09:27:18,392 [WARN] PackLoader:240 - Cannot read IP mode file for STMicroelectronics.X-CUBE-MEMS1.9.6.0
2023-11-09 09:27:18,614 [WARN] PackLoader:240 - Cannot read IP mode file for STMicroelectronics.X-CUBE-EEPRMA1.4.2.0
2023-11-09 09:27:18,629 [WARN] PackLoader:240 - Cannot read IP mode file for ITTIA_DB.I-CUBE-ITTIADB.8.8.0
2023-11-09 09:27:18,644 [WARN] PackLoader:240 - Cannot read IP mode file for STMicroelectronics.X-CUBE-BLEMGR.2.0.0
2023-11-09 09:27:18,673 [WARN] ConditionMgr:438 - getConditionDescription Invalid condition id : UX DEVICE CLASS RTOS Condition cause : null
2023-11-09 09:27:18,674 [WARN] ConditionMgr:438 - getConditionDescription Invalid condition id : UX DEVICE CLASS RTOS Condition cause : null
2023-11-09 09:27:18,676 [WARN] PackLoader:240 - Cannot read IP mode file for STMicroelectronics.X-CUBE-AZRTOS-H7.3.1.0
2023-11-09 09:27:18,678 [WARN] ConditionMgr:1039 - genDependencies : Invalid condition id : UX DEVICE CLASS RTOS Condition cause : null
2023-11-09 09:27:18,678 [WARN] ConditionMgr:1039 - genDependencies : Invalid condition id : UX DEVICE CLASS RTOS Condition cause : null
2023-11-09 09:27:18,678 [WARN] ConditionMgr:1039 - genDependencies : Invalid condition id : UX DEVICE CLASS RTOS Condition cause : null
2023-11-09 09:27:18,679 [WARN] ConditionMgr:1039 - genDependencies : Invalid condition id : UX DEVICE CLASS RTOS Condition cause : null
2023-11-09 09:27:18,679 [WARN] ConditionMgr:1039 - genDependencies : Invalid condition id : UX DEVICE CLASS RTOS Condition cause : null
2023-11-09 09:27:18,694 [WARN] PackLoader:240 - Cannot read IP mode file for STMicroelectronics.X-CUBE-NFC7.1.0.1
2023-11-09 09:27:18,714 [WARN] PackLoader:240 - Cannot read IP mode file for STMicroelectronics.X-CUBE-NFC6.3.0.0
2023-11-09 09:27:18,733 [WARN] PackLoader:240 - Cannot read IP mode file for STMicroelectronics.X-CUBE-EEPRMA1.4.1.0
2023-11-09 09:27:18,745 [WARN] PackLoader:240 - Cannot read IP mode file for STMicroelectronics.X-CUBE-AI.8.1.0
2023-11-09 09:27:18,777 [WARN] ConditionMgr:438 - getConditionDescription Invalid condition id : LAN8742 Phy interface Condition cause : null
2023-11-09 09:27:18,778 [WARN] PackLoader:240 - Cannot read IP mode file for STMicroelectronics.X-CUBE-AZRTOS-L4.2.0.0
2023-11-09 09:27:18,779 [WARN] ConditionMgr:1039 - genDependencies : Invalid condition id : LAN8742 Phy interface Condition cause : null
2023-11-09 09:27:18,780 [WARN] ConditionMgr:1039 - genDependencies : Invalid condition id : LAN8742 Phy interface Condition cause : null
2023-11-09 09:27:18,780 [WARN] ConditionMgr:1039 - genDependencies : Invalid condition id : LAN8742 Phy interface Condition cause : null
2023-11-09 09:27:18,798 [WARN] PackLoader:240 - Cannot read IP mode file for STMicroelectronics.X-CUBE-SFXS2LP1.4.0.0
2023-11-09 09:27:18,814 [WARN] PackLoader:240 - Cannot read IP mode file for STMicroelectronics.X-CUBE-ISPU.1.1.0
2023-11-09 09:27:18,846 [WARN] ConditionMgr:438 - getConditionDescription Invalid condition id : UX DEVICE CLASS RTOS Condition cause : null
2023-11-09 09:27:18,847 [WARN] ConditionMgr:438 - getConditionDescription Invalid condition id : UX DEVICE CLASS RTOS Condition cause : null
2023-11-09 09:27:18,849 [WARN] PackLoader:240 - Cannot read IP mode file for STMicroelectronics.X-CUBE-AZRTOS-WB.2.0.0
2023-11-09 09:27:18,849 [WARN] ConditionMgr:1039 - genDependencies : Invalid condition id : UX DEVICE CLASS RTOS Condition cause : null
2023-11-09 09:27:18,849 [WARN] ConditionMgr:1039 - genDependencies : Invalid condition id : UX DEVICE CLASS RTOS Condition cause : null
2023-11-09 09:27:18,850 [WARN] ConditionMgr:1039 - genDependencies : Invalid condition id : UX DEVICE CLASS RTOS Condition cause : null
2023-11-09 09:27:18,850 [WARN] ConditionMgr:1039 - genDependencies : Invalid condition id : UX DEVICE CLASS RTOS Condition cause : null
2023-11-09 09:27:18,850 [WARN] ConditionMgr:1039 - genDependencies : Invalid condition id : UX DEVICE CLASS RTOS Condition cause : null
2023-11-09 09:27:18,863 [WARN] PackLoader:240 - Cannot read IP mode file for STMicroelectronics.X-CUBE-FREERTOS.1.0.1
2023-11-09 09:27:18,894 [WARN] PackLoader:240 - Cannot read IP mode file for STMicroelectronics.X-CUBE-AZRTOS-L5.1.1.0
2023-11-09 09:27:18,909 [WARN] PackLoader:240 - Cannot read IP mode file for STMicroelectronics.X-CUBE-AI.8.0.1
2023-11-09 09:27:18,927 [WARN] PackLoader:240 - Cannot read IP mode file for STMicroelectronics.X-CUBE-SUBG2.5.0.0
2023-11-09 09:27:18,956 [WARN] PackLoader:240 - Cannot read IP mode file for STMicroelectronics.X-CUBE-TOF1.3.3.1
2023-11-09 09:27:18,993 [WARN] PackLoader:240 - Cannot read IP mode file for STMicroelectronics.X-CUBE-AZRTOS-G4.2.0.0
2023-11-09 09:27:19,022 [WARN] PackLoader:240 - Cannot read IP mode file for Infineon.AIROC-Wi-Fi-Bluetooth-STM32.1.5.1
2023-11-09 09:27:19,102 [WARN] PackLoader:240 - Cannot read IP mode file for STMicroelectronics.X-CUBE-MEMS1.10.0.0
2023-11-09 09:27:19,300 [WARN] PackLoader:240 - Cannot read IP mode file for STMicroelectronics.X-CUBE-FREERTOS.1.1.0
2023-11-09 09:27:19,317 [WARN] PackLoader:240 - Cannot read IP mode file for portGmbH.I-Cube-SoM-uGOAL.1.1.0
2023-11-09 09:27:19,332 [WARN] PackLoader:240 - Cannot read IP mode file for STMicroelectronics.X-CUBE-ALS.1.0.1
2023-11-09 09:27:19,367 [WARN] PackLoader:240 - Cannot read IP mode file for STMicroelectronics.X-CUBE-AZRTOS-WB.1.1.0
2023-11-09 09:27:19,380 [WARN] PackLoader:240 - Cannot read IP mode file for STMicroelectronics.FP-ATR-ASTRA1.2.0.0
2023-11-09 09:27:19,382 [INFO] ThirdParty:978 - Integrity check success = true
2023-11-09 09:27:19,382 [INFO] IntegrityCheckThread:100 - exiting critical section [integrity check]
2023-11-09 09:27:19,382 [INFO] IntegrityCheckThread:103 - End integrity checks thread
2023-11-09 09:27:36,680 [ERROR] LogOutputStream:75 - [STDERR_REDIRECT] SLF4J: Failed to load class "org.slf4j.impl.StaticLoggerBinder".
2023-11-09 09:27:36,680 [ERROR] LogOutputStream:75 - [STDERR_REDIRECT] SLF4J: Defaulting to no-operation (NOP) logger implementation
2023-11-09 09:27:36,680 [ERROR] LogOutputStream:75 - [STDERR_REDIRECT] SLF4J: See http://www.slf4j.org/codes.html#StaticLoggerBinder for further details.
