20:05:01 **** Incremental Build of configuration Debug for project timer_temperature ****
make -j8 all 
arm-none-eabi-gcc "../Core/Src/i2c.c" -mcpu=cortex-m4 -std=gnu11 -g3 -DDEBUG -DUSE_HAL_DRIVER -DSTM32F429xx -c -I../Core/Inc -I../Drivers/STM32F4xx_HAL_Driver/Inc -I../Drivers/STM32F4xx_HAL_Driver/Inc/Legacy -I../Drivers/CMSIS/Device/ST/STM32F4xx/Include -I../Drivers/CMSIS/Include -O0 -ffunction-sections -fdata-sections -Wall -fstack-usage -fcyclomatic-complexity -MMD -MP -MF"Core/Src/i2c.d" -MT"Core/Src/i2c.o" --specs=nano.specs -mfpu=fpv4-sp-d16 -mfloat-abi=hard -mthumb -o "Core/Src/i2c.o"
arm-none-eabi-gcc "../Core/Src/lcd.c" -mcpu=cortex-m4 -std=gnu11 -g3 -DDEBUG -DUSE_HAL_DRIVER -DSTM32F429xx -c -I../Core/Inc -I../Drivers/STM32F4xx_HAL_Driver/Inc -I../Drivers/STM32F4xx_HAL_Driver/Inc/Legacy -I../Drivers/CMSIS/Device/ST/STM32F4xx/Include -I../Drivers/CMSIS/Include -O0 -ffunction-sections -fdata-sections -Wall -fstack-usage -fcyclomatic-complexity -MMD -MP -MF"Core/Src/lcd.d" -MT"Core/Src/lcd.o" --specs=nano.specs -mfpu=fpv4-sp-d16 -mfloat-abi=hard -mthumb -o "Core/Src/lcd.o"
arm-none-eabi-gcc "../Core/Src/main.c" -mcpu=cortex-m4 -std=gnu11 -g3 -DDEBUG -DUSE_HAL_DRIVER -DSTM32F429xx -c -I../Core/Inc -I../Drivers/STM32F4xx_HAL_Driver/Inc -I../Drivers/STM32F4xx_HAL_Driver/Inc/Legacy -I../Drivers/CMSIS/Device/ST/STM32F4xx/Include -I../Drivers/CMSIS/Include -O0 -ffunction-sections -fdata-sections -Wall -fstack-usage -fcyclomatic-complexity -MMD -MP -MF"Core/Src/main.d" -MT"Core/Src/main.o" --specs=nano.specs -mfpu=fpv4-sp-d16 -mfloat-abi=hard -mthumb -o "Core/Src/main.o"
arm-none-eabi-gcc "../Core/Src/stm32f4xx_it.c" -mcpu=cortex-m4 -std=gnu11 -g3 -DDEBUG -DUSE_HAL_DRIVER -DSTM32F429xx -c -I../Core/Inc -I../Drivers/STM32F4xx_HAL_Driver/Inc -I../Drivers/STM32F4xx_HAL_Driver/Inc/Legacy -I../Drivers/CMSIS/Device/ST/STM32F4xx/Include -I../Drivers/CMSIS/Include -O0 -ffunction-sections -fdata-sections -Wall -fstack-usage -fcyclomatic-complexity -MMD -MP -MF"Core/Src/stm32f4xx_it.d" -MT"Core/Src/stm32f4xx_it.o" --specs=nano.specs -mfpu=fpv4-sp-d16 -mfloat-abi=hard -mthumb -o "Core/Src/stm32f4xx_it.o"
arm-none-eabi-gcc "../Core/Src/syscalls.c" -mcpu=cortex-m4 -std=gnu11 -g3 -DDEBUG -DUSE_HAL_DRIVER -DSTM32F429xx -c -I../Core/Inc -I../Drivers/STM32F4xx_HAL_Driver/Inc -I../Drivers/STM32F4xx_HAL_Driver/Inc/Legacy -I../Drivers/CMSIS/Device/ST/STM32F4xx/Include -I../Drivers/CMSIS/Include -O0 -ffunction-sections -fdata-sections -Wall -fstack-usage -fcyclomatic-complexity -MMD -MP -MF"Core/Src/syscalls.d" -MT"Core/Src/syscalls.o" --specs=nano.specs -mfpu=fpv4-sp-d16 -mfloat-abi=hard -mthumb -o "Core/Src/syscalls.o"
arm-none-eabi-gcc "../Core/Src/sysmem.c" -mcpu=cortex-m4 -std=gnu11 -g3 -DDEBUG -DUSE_HAL_DRIVER -DSTM32F429xx -c -I../Core/Inc -I../Drivers/STM32F4xx_HAL_Driver/Inc -I../Drivers/STM32F4xx_HAL_Driver/Inc/Legacy -I../Drivers/CMSIS/Device/ST/STM32F4xx/Include -I../Drivers/CMSIS/Include -O0 -ffunction-sections -fdata-sections -Wall -fstack-usage -fcyclomatic-complexity -MMD -MP -MF"Core/Src/sysmem.d" -MT"Core/Src/sysmem.o" --specs=nano.specs -mfpu=fpv4-sp-d16 -mfloat-abi=hard -mthumb -o "Core/Src/sysmem.o"
arm-none-eabi-gcc "../Core/Src/system_stm32f4xx.c" -mcpu=cortex-m4 -std=gnu11 -g3 -DDEBUG -DUSE_HAL_DRIVER -DSTM32F429xx -c -I../Core/Inc -I../Drivers/STM32F4xx_HAL_Driver/Inc -I../Drivers/STM32F4xx_HAL_Driver/Inc/Legacy -I../Drivers/CMSIS/Device/ST/STM32F4xx/Include -I../Drivers/CMSIS/Include -O0 -ffunction-sections -fdata-sections -Wall -fstack-usage -fcyclomatic-complexity -MMD -MP -MF"Core/Src/system_stm32f4xx.d" -MT"Core/Src/system_stm32f4xx.o" --specs=nano.specs -mfpu=fpv4-sp-d16 -mfloat-abi=hard -mthumb -o "Core/Src/system_stm32f4xx.o"
arm-none-eabi-gcc "../Core/Src/tim.c" -mcpu=cortex-m4 -std=gnu11 -g3 -DDEBUG -DUSE_HAL_DRIVER -DSTM32F429xx -c -I../Core/Inc -I../Drivers/STM32F4xx_HAL_Driver/Inc -I../Drivers/STM32F4xx_HAL_Driver/Inc/Legacy -I../Drivers/CMSIS/Device/ST/STM32F4xx/Include -I../Drivers/CMSIS/Include -O0 -ffunction-sections -fdata-sections -Wall -fstack-usage -fcyclomatic-complexity -MMD -MP -MF"Core/Src/tim.d" -MT"Core/Src/tim.o" --specs=nano.specs -mfpu=fpv4-sp-d16 -mfloat-abi=hard -mthumb -o "Core/Src/tim.o"
In file included from ../Core/Src/i2c.c:21:
../Core/Inc/i2c.h:35:8: error: unknown type name 'I2C_HandleTypeDef'
   35 | extern I2C_HandleTypeDef hi2c1;
      |        ^~~~~~~~~~~~~~~~~
../Core/Src/i2c.c:27:1: error: unknown type name 'I2C_HandleTypeDef'; did you mean 'RTC_HandleTypeDef'?
   27 | I2C_HandleTypeDef hi2c1;
      | ^~~~~~~~~~~~~~~~~
      | RTC_HandleTypeDef
../Core/Src/i2c.c: In function 'MX_I2C1_Init':
../Core/Src/i2c.c:40:8: error: request for member 'Instance' in something not a structure or union
   40 |   hi2c1.Instance = I2C1;
      |        ^
../Core/Src/lcd.c:12:8: error: unknown type name 'I2C_HandleTypeDef'
   12 | extern I2C_HandleTypeDef hi2c1;
      |        ^~~~~~~~~~~~~~~~~
../Core/Src/i2c.c:41:8: error: request for member 'Init' in something not a structure or union
   41 |   hi2c1.Init.ClockSpeed = 100000;
      |        ^
../Core/Src/i2c.c:42:8: error: request for member 'Init' in something not a structure or union
   42 |   hi2c1.Init.DutyCycle = I2C_DUTYCYCLE_2;
      |        ^
In file included from ../Core/Src/main.c:30:
../Core/Inc/i2c.h:35:8: error: unknown type name 'I2C_HandleTypeDef'
   35 | extern I2C_HandleTypeDef hi2c1;
      |        ^~~~~~~~~~~~~~~~~
../Core/Src/main.c:59:13: error: static declaration of 'MX_I2C1_Init' follows non-static declaration
   59 | static void MX_I2C1_Init(void);
      |             ^~~~~~~~~~~~
In file included from ../Core/Src/main.c:30:
../Core/Inc/i2c.h:41:6: note: previous declaration of 'MX_I2C1_Init' with type 'void(void)'
   41 | void MX_I2C1_Init(void);
      |      ^~~~~~~~~~~~
../Core/Src/i2c.c:42:26: error: 'I2C_DUTYCYCLE_2' undeclared (first use in this function)
   42 |   hi2c1.Init.DutyCycle = I2C_DUTYCYCLE_2;
      |                          ^~~~~~~~~~~~~~~
../Core/Src/i2c.c:42:26: note: each undeclared identifier is reported only once for each function it appears in
../Core/Src/i2c.c:43:8: error: request for member 'Init' in something not a structure or union
   43 |   hi2c1.Init.OwnAddress1 = 0;
      |        ^
../Core/Src/i2c.c:44:8: error: request for member 'Init' in something not a structure or union
   44 |   hi2c1.Init.AddressingMode = I2C_ADDRESSINGMODE_7BIT;
      |        ^
arm-none-eabi-gcc "../Core/Src/usart.c" -mcpu=cortex-m4 -std=gnu11 -g3 -DDEBUG -DUSE_HAL_DRIVER -DSTM32F429xx -c -I../Core/Inc -I../Drivers/STM32F4xx_HAL_Driver/Inc -I../Drivers/STM32F4xx_HAL_Driver/Inc/Legacy -I../Drivers/CMSIS/Device/ST/STM32F4xx/Include -I../Drivers/CMSIS/Include -O0 -ffunction-sections -fdata-sections -Wall -fstack-usage -fcyclomatic-complexity -MMD -MP -MF"Core/Src/usart.d" -MT"Core/Src/usart.o" --specs=nano.specs -mfpu=fpv4-sp-d16 -mfloat-abi=hard -mthumb -o "Core/Src/usart.o"
../Core/Src/lcd.c: In function 'I2C_Scan':
../Core/Src/lcd.c:23:15: warning: implicit declaration of function 'HAL_I2C_IsDeviceReady' [-Wimplicit-function-declaration]
   23 |         res = HAL_I2C_IsDeviceReady(&hi2c1, i << 1, 1, 10);
      |               ^~~~~~~~~~~~~~~~~~~~~
../Core/Src/lcd.c:26:13: warning: implicit declaration of function 'snprintf' [-Wimplicit-function-declaration]
   26 |             snprintf(msg, sizeof(msg), "0x%02X", i);
      |             ^~~~~~~~
../Core/Src/lcd.c:3:1: note: include '<stdio.h>' or provide a declaration of 'snprintf'
    2 | #include <string.h>
  +++ |+#include <stdio.h>
    3 | 
../Core/Src/lcd.c:26:13: warning: incompatible implicit declaration of built-in function 'snprintf' [-Wbuiltin-declaration-mismatch]
   26 |             snprintf(msg, sizeof(msg), "0x%02X", i);
      |             ^~~~~~~~
../Core/Src/lcd.c:26:13: note: include '<stdio.h>' or provide a declaration of 'snprintf'
../Core/Src/main.c: In function 'main':
../Core/Src/main.c:128:9: warning: implicit declaration of function 'LCD_SendCommand' [-Wimplicit-function-declaration]
  128 |         LCD_SendCommand(LCD_ADDR, 0b10000000);
      |         ^~~~~~~~~~~~~~~
../Core/Src/i2c.c:44:31: error: 'I2C_ADDRESSINGMODE_7BIT' undeclared (first use in this function)
   44 |   hi2c1.Init.AddressingMode = I2C_ADDRESSINGMODE_7BIT;
      |                               ^~~~~~~~~~~~~~~~~~~~~~~
../Core/Src/i2c.c:45:8: error: request for member 'Init' in something not a structure or union
   45 |   hi2c1.Init.DualAddressMode = I2C_DUALADDRESS_DISABLE;
      |        ^
../Core/Src/lcd.c: In function 'LCD_SendInternal':
../Core/Src/lcd.c:53:11: warning: implicit declaration of function 'HAL_I2C_Master_Transmit' [-Wimplicit-function-declaration]
   53 |     res = HAL_I2C_Master_Transmit(&hi2c1, lcd_addr, data_arr, sizeof(data_arr), HAL_MAX_DELAY);
      |           ^~~~~~~~~~~~~~~~~~~~~~~
../Core/Src/main.c:130:9: warning: implicit declaration of function 'LCD_SendString' [-Wimplicit-function-declaration]
  130 |         LCD_SendString(LCD_ADDR, lcd_buf1);
      |         ^~~~~~~~~~~~~~
../Core/Src/main.c: In function 'MX_I2C1_Init':
../Core/Src/main.c:218:8: error: request for member 'Instance' in something not a structure or union
  218 |   hi2c1.Instance = I2C1;
      |        ^
../Core/Src/main.c:219:8: error: request for member 'Init' in something not a structure or union
  219 |   hi2c1.Init.ClockSpeed = 100000;
      |        ^
../Core/Src/main.c:220:8: error: request for member 'Init' in something not a structure or union
  220 |   hi2c1.Init.DutyCycle = I2C_DUTYCYCLE_2;
      |        ^
../Core/Src/i2c.c:45:32: error: 'I2C_DUALADDRESS_DISABLE' undeclared (first use in this function); did you mean 'I2C_DUALADDRESS_DISABLED'?
   45 |   hi2c1.Init.DualAddressMode = I2C_DUALADDRESS_DISABLE;
      |                                ^~~~~~~~~~~~~~~~~~~~~~~
      |                                I2C_DUALADDRESS_DISABLED
../Core/Src/i2c.c:46:8: error: request for member 'Init' in something not a structure or union
   46 |   hi2c1.Init.OwnAddress2 = 0;
      |        ^
../Core/Src/i2c.c:47:8: error: request for member 'Init' in something not a structure or union
   47 |   hi2c1.Init.GeneralCallMode = I2C_GENERALCALL_DISABLE;
      |        ^
../Core/Src/main.c:220:26: error: 'I2C_DUTYCYCLE_2' undeclared (first use in this function)
  220 |   hi2c1.Init.DutyCycle = I2C_DUTYCYCLE_2;
      |                          ^~~~~~~~~~~~~~~
../Core/Src/main.c:220:26: note: each undeclared identifier is reported only once for each function it appears in
../Core/Src/main.c:221:8: error: request for member 'Init' in something not a structure or union
  221 |   hi2c1.Init.OwnAddress1 = 0;
      |        ^
../Core/Src/main.c:222:8: error: request for member 'Init' in something not a structure or union
  222 |   hi2c1.Init.AddressingMode = I2C_ADDRESSINGMODE_7BIT;
      |        ^
make: *** [Core/Src/subdir.mk:52: Core/Src/lcd.o] Error 1
make: *** Waiting for unfinished jobs....
../Core/Src/i2c.c:47:32: error: 'I2C_GENERALCALL_DISABLE' undeclared (first use in this function); did you mean 'I2C_GENERALCALL_DISABLED'?
   47 |   hi2c1.Init.GeneralCallMode = I2C_GENERALCALL_DISABLE;
      |                                ^~~~~~~~~~~~~~~~~~~~~~~
      |                                I2C_GENERALCALL_DISABLED
../Core/Src/i2c.c:48:8: error: request for member 'Init' in something not a structure or union
   48 |   hi2c1.Init.NoStretchMode = I2C_NOSTRETCH_DISABLE;
      |        ^
../Core/Src/main.c:222:31: error: 'I2C_ADDRESSINGMODE_7BIT' undeclared (first use in this function)
  222 |   hi2c1.Init.AddressingMode = I2C_ADDRESSINGMODE_7BIT;
      |                               ^~~~~~~~~~~~~~~~~~~~~~~
../Core/Src/main.c:223:8: error: request for member 'Init' in something not a structure or union
  223 |   hi2c1.Init.DualAddressMode = I2C_DUALADDRESS_DISABLE;
      |        ^
../Core/Src/i2c.c:48:30: error: 'I2C_NOSTRETCH_DISABLE' undeclared (first use in this function); did you mean 'I2C_NOSTRETCH_DISABLED'?
   48 |   hi2c1.Init.NoStretchMode = I2C_NOSTRETCH_DISABLE;
      |                              ^~~~~~~~~~~~~~~~~~~~~
      |                              I2C_NOSTRETCH_DISABLED
../Core/Src/i2c.c:49:7: warning: implicit declaration of function 'HAL_I2C_Init'; did you mean 'HAL_RTC_Init'? [-Wimplicit-function-declaration]
   49 |   if (HAL_I2C_Init(&hi2c1) != HAL_OK)
      |       ^~~~~~~~~~~~
      |       HAL_RTC_Init
../Core/Src/main.c:223:32: error: 'I2C_DUALADDRESS_DISABLE' undeclared (first use in this function); did you mean 'I2C_DUALADDRESS_DISABLED'?
  223 |   hi2c1.Init.DualAddressMode = I2C_DUALADDRESS_DISABLE;
      |                                ^~~~~~~~~~~~~~~~~~~~~~~
      |                                I2C_DUALADDRESS_DISABLED
../Core/Src/main.c:224:8: error: request for member 'Init' in something not a structure or union
  224 |   hi2c1.Init.OwnAddress2 = 0;
      |        ^
../Core/Src/main.c:225:8: error: request for member 'Init' in something not a structure or union
  225 |   hi2c1.Init.GeneralCallMode = I2C_GENERALCALL_DISABLE;
      |        ^
../Core/Src/main.c:225:32: error: 'I2C_GENERALCALL_DISABLE' undeclared (first use in this function); did you mean 'I2C_GENERALCALL_DISABLED'?
  225 |   hi2c1.Init.GeneralCallMode = I2C_GENERALCALL_DISABLE;
      |                                ^~~~~~~~~~~~~~~~~~~~~~~
      |                                I2C_GENERALCALL_DISABLED
../Core/Src/main.c:226:8: error: request for member 'Init' in something not a structure or union
  226 |   hi2c1.Init.NoStretchMode = I2C_NOSTRETCH_DISABLE;
      |        ^
../Core/Src/i2c.c:56:7: warning: implicit declaration of function 'HAL_I2CEx_ConfigAnalogFilter' [-Wimplicit-function-declaration]
   56 |   if (HAL_I2CEx_ConfigAnalogFilter(&hi2c1, I2C_ANALOGFILTER_ENABLE) != HAL_OK)
      |       ^~~~~~~~~~~~~~~~~~~~~~~~~~~~
../Core/Src/main.c:226:30: error: 'I2C_NOSTRETCH_DISABLE' undeclared (first use in this function); did you mean 'I2C_NOSTRETCH_DISABLED'?
  226 |   hi2c1.Init.NoStretchMode = I2C_NOSTRETCH_DISABLE;
      |                              ^~~~~~~~~~~~~~~~~~~~~
      |                              I2C_NOSTRETCH_DISABLED
../Core/Src/main.c:227:7: warning: implicit declaration of function 'HAL_I2C_Init'; did you mean 'HAL_RTC_Init'? [-Wimplicit-function-declaration]
  227 |   if (HAL_I2C_Init(&hi2c1) != HAL_OK)
      |       ^~~~~~~~~~~~
      |       HAL_RTC_Init
../Core/Src/i2c.c:56:44: error: 'I2C_ANALOGFILTER_ENABLE' undeclared (first use in this function); did you mean 'I2C_ANALOGFILTER_ENABLED'?
   56 |   if (HAL_I2CEx_ConfigAnalogFilter(&hi2c1, I2C_ANALOGFILTER_ENABLE) != HAL_OK)
      |                                            ^~~~~~~~~~~~~~~~~~~~~~~
      |                                            I2C_ANALOGFILTER_ENABLED
../Core/Src/i2c.c:63:7: warning: implicit declaration of function 'HAL_I2CEx_ConfigDigitalFilter' [-Wimplicit-function-declaration]
   63 |   if (HAL_I2CEx_ConfigDigitalFilter(&hi2c1, 0) != HAL_OK)
      |       ^~~~~~~~~~~~~~~~~~~~~~~~~~~~~
../Core/Src/main.c:234:7: warning: implicit declaration of function 'HAL_I2CEx_ConfigAnalogFilter' [-Wimplicit-function-declaration]
  234 |   if (HAL_I2CEx_ConfigAnalogFilter(&hi2c1, I2C_ANALOGFILTER_ENABLE) != HAL_OK)
      |       ^~~~~~~~~~~~~~~~~~~~~~~~~~~~
../Core/Src/i2c.c: At top level:
../Core/Src/i2c.c:73:22: error: unknown type name 'I2C_HandleTypeDef'; did you mean 'RTC_HandleTypeDef'?
   73 | void HAL_I2C_MspInit(I2C_HandleTypeDef* i2cHandle)
      |                      ^~~~~~~~~~~~~~~~~
      |                      RTC_HandleTypeDef
../Core/Src/i2c.c:103:24: error: unknown type name 'I2C_HandleTypeDef'; did you mean 'RTC_HandleTypeDef'?
  103 | void HAL_I2C_MspDeInit(I2C_HandleTypeDef* i2cHandle)
      |                        ^~~~~~~~~~~~~~~~~
      |                        RTC_HandleTypeDef
../Core/Src/main.c:234:44: error: 'I2C_ANALOGFILTER_ENABLE' undeclared (first use in this function); did you mean 'I2C_ANALOGFILTER_ENABLED'?
  234 |   if (HAL_I2CEx_ConfigAnalogFilter(&hi2c1, I2C_ANALOGFILTER_ENABLE) != HAL_OK)
      |                                            ^~~~~~~~~~~~~~~~~~~~~~~
      |                                            I2C_ANALOGFILTER_ENABLED
make: *** [Core/Src/subdir.mk:52: Core/Src/i2c.o] Error 1
../Core/Src/main.c:241:7: warning: implicit declaration of function 'HAL_I2CEx_ConfigDigitalFilter' [-Wimplicit-function-declaration]
  241 |   if (HAL_I2CEx_ConfigDigitalFilter(&hi2c1, 0) != HAL_OK)
      |       ^~~~~~~~~~~~~~~~~~~~~~~~~~~~~
make: *** [Core/Src/subdir.mk:52: Core/Src/main.o] Error 1
"make -j8 all" terminated with exit code 2. Build might be incomplete.

20:05:02 Build Failed. 41 errors, 12 warnings. (took 1s.75ms)

